{"/home/samuel/Projects/autouni-backend/src/guards/auth.guard.ts": {"path":"/home/samuel/Projects/autouni-backend/src/guards/auth.guard.ts","statementMap":{"0":{"start":{"line":1,"column":0},"end":{"line":1,"column":null}},"1":{"start":{"line":7,"column":0},"end":{"line":7,"column":41}},"2":{"start":{"line":22,"column":7},"end":{"line":48,"column":null}},"3":{"start":{"line":23,"column":31},"end":{"line":23,"column":43}},"4":{"start":{"line":26,"column":20},"end":{"line":26,"column":77}},"5":{"start":{"line":27,"column":18},"end":{"line":27,"column":54}},"6":{"start":{"line":29,"column":4},"end":{"line":31,"column":5}},"7":{"start":{"line":30,"column":6},"end":{"line":30,"column":57}},"8":{"start":{"line":33,"column":4},"end":{"line":40,"column":5}},"9":{"start":{"line":34,"column":22},"end":{"line":36,"column":8}},"10":{"start":{"line":37,"column":6},"end":{"line":37,"column":29}},"11":{"start":{"line":39,"column":6},"end":{"line":39,"column":55}},"12":{"start":{"line":41,"column":4},"end":{"line":41,"column":16}},"13":{"start":{"line":45,"column":26},"end":{"line":45,"column":73}},"14":{"start":{"line":46,"column":4},"end":{"line":46,"column":49}},"15":{"start":{"line":22,"column":13},"end":{"line":22,"column":22}},"16":{"start":{"line":22,"column":13},"end":{"line":48,"column":null}}},"fnMap":{"0":{"name":"(anonymous_2)","decl":{"start":{"line":23,"column":2},"end":{"line":23,"column":31}},"loc":{"start":{"line":23,"column":53},"end":{"line":23,"column":57}}},"1":{"name":"(anonymous_3)","decl":{"start":{"line":25,"column":2},"end":{"line":25,"column":7}},"loc":{"start":{"line":25,"column":45},"end":{"line":42,"column":3}}},"2":{"name":"(anonymous_4)","decl":{"start":{"line":44,"column":10},"end":{"line":44,"column":32}},"loc":{"start":{"line":44,"column":49},"end":{"line":47,"column":3}}}},"branchMap":{"0":{"loc":{"start":{"line":29,"column":4},"end":{"line":31,"column":5}},"type":"if","locations":[{"start":{"line":29,"column":4},"end":{"line":31,"column":5}},{"start":{},"end":{}}]},"1":{"loc":{"start":{"line":45,"column":26},"end":{"line":45,"column":73}},"type":"binary-expr","locations":[{"start":{"line":45,"column":26},"end":{"line":45,"column":67}},{"start":{"line":45,"column":71},"end":{"line":45,"column":73}}]},"2":{"loc":{"start":{"line":46,"column":11},"end":{"line":46,"column":48}},"type":"cond-expr","locations":[{"start":{"line":46,"column":31},"end":{"line":46,"column":36}},{"start":{"line":46,"column":39},"end":{"line":46,"column":48}}]},"3":{"loc":{"start":{"line":23,"column":43},"end":{"line":23,"column":56}},"type":"cond-expr","locations":[{"start":{"line":23,"column":53},"end":{"line":23,"column":56}},{"start":{"line":23,"column":53},"end":{"line":23,"column":56}}]},"4":{"loc":{"start":{"line":23,"column":43},"end":{"line":23,"column":53}},"type":"binary-expr","locations":[{"start":{"line":23,"column":43},"end":{"line":23,"column":56}},{"start":{"line":23,"column":43},"end":{"line":23,"column":53}}]}},"s":{"0":10,"1":10,"2":10,"3":10,"4":198,"5":198,"6":198,"7":38,"8":160,"9":160,"10":159,"11":1,"12":159,"13":198,"14":198,"15":10,"16":10},"f":{"0":10,"1":198,"2":198},"b":{"0":[38,160],"1":[198,37],"2":[160,38],"3":[10,0],"4":[10,10]}}
,"/home/samuel/Projects/autouni-backend/src/modules/auth/controller/auth.controller.ts": {"path":"/home/samuel/Projects/autouni-backend/src/modules/auth/controller/auth.controller.ts","statementMap":{"0":{"start":{"line":1,"column":0},"end":{"line":1,"column":null}},"1":{"start":{"line":10,"column":0},"end":{"line":10,"column":54}},"2":{"start":{"line":11,"column":0},"end":{"line":11,"column":43}},"3":{"start":{"line":12,"column":0},"end":{"line":12,"column":50}},"4":{"start":{"line":13,"column":0},"end":{"line":13,"column":null}},"5":{"start":{"line":19,"column":0},"end":{"line":19,"column":55}},"6":{"start":{"line":20,"column":0},"end":{"line":20,"column":56}},"7":{"start":{"line":21,"column":0},"end":{"line":21,"column":59}},"8":{"start":{"line":25,"column":7},"end":{"line":165,"column":null}},"9":{"start":{"line":26,"column":31},"end":{"line":26,"column":44}},"10":{"start":{"line":64,"column":4},"end":{"line":64,"column":44}},"11":{"start":{"line":99,"column":4},"end":{"line":99,"column":50}},"12":{"start":{"line":131,"column":4},"end":{"line":131,"column":71}},"13":{"start":{"line":163,"column":4},"end":{"line":163,"column":49}},"14":{"start":{"line":25,"column":13},"end":{"line":25,"column":27}},"15":{"start":{"line":63,"column":8},"end":{"line":65,"column":null}},"16":{"start":{"line":98,"column":8},"end":{"line":100,"column":null}},"17":{"start":{"line":130,"column":8},"end":{"line":132,"column":null}},"18":{"start":{"line":162,"column":8},"end":{"line":164,"column":null}},"19":{"start":{"line":25,"column":13},"end":{"line":165,"column":null}}},"fnMap":{"0":{"name":"(anonymous_4)","decl":{"start":{"line":26,"column":2},"end":{"line":26,"column":31}},"loc":{"start":{"line":26,"column":55},"end":{"line":26,"column":59}}},"1":{"name":"(anonymous_5)","decl":{"start":{"line":63,"column":8},"end":{"line":63,"column":13}},"loc":{"start":{"line":63,"column":40},"end":{"line":65,"column":3}}},"2":{"name":"(anonymous_6)","decl":{"start":{"line":98,"column":8},"end":{"line":98,"column":16}},"loc":{"start":{"line":98,"column":49},"end":{"line":100,"column":3}}},"3":{"name":"(anonymous_7)","decl":{"start":{"line":130,"column":8},"end":{"line":130,"column":15}},"loc":{"start":{"line":130,"column":56},"end":{"line":132,"column":3}}},"4":{"name":"(anonymous_8)","decl":{"start":{"line":162,"column":8},"end":{"line":162,"column":14}},"loc":{"start":{"line":162,"column":34},"end":{"line":164,"column":3}}}},"branchMap":{"0":{"loc":{"start":{"line":63,"column":32},"end":{"line":63,"column":null}},"type":"cond-expr","locations":[{"start":{"line":63,"column":40},"end":{"line":63,"column":null}},{"start":{"line":63,"column":40},"end":{"line":63,"column":null}}]},"1":{"loc":{"start":{"line":63,"column":32},"end":{"line":63,"column":40}},"type":"binary-expr","locations":[{"start":{"line":63,"column":32},"end":{"line":63,"column":null}},{"start":{"line":63,"column":32},"end":{"line":63,"column":40}}]},"2":{"loc":{"start":{"line":98,"column":38},"end":{"line":98,"column":null}},"type":"cond-expr","locations":[{"start":{"line":98,"column":49},"end":{"line":98,"column":null}},{"start":{"line":98,"column":49},"end":{"line":98,"column":null}}]},"3":{"loc":{"start":{"line":98,"column":38},"end":{"line":98,"column":49}},"type":"binary-expr","locations":[{"start":{"line":98,"column":38},"end":{"line":98,"column":null}},{"start":{"line":98,"column":38},"end":{"line":98,"column":49}}]},"4":{"loc":{"start":{"line":130,"column":41},"end":{"line":130,"column":null}},"type":"cond-expr","locations":[{"start":{"line":130,"column":56},"end":{"line":130,"column":null}},{"start":{"line":130,"column":56},"end":{"line":130,"column":null}}]},"5":{"loc":{"start":{"line":130,"column":41},"end":{"line":130,"column":56}},"type":"binary-expr","locations":[{"start":{"line":130,"column":41},"end":{"line":130,"column":null}},{"start":{"line":130,"column":41},"end":{"line":130,"column":56}}]},"6":{"loc":{"start":{"line":26,"column":44},"end":{"line":26,"column":58}},"type":"cond-expr","locations":[{"start":{"line":26,"column":55},"end":{"line":26,"column":58}},{"start":{"line":26,"column":55},"end":{"line":26,"column":58}}]},"7":{"loc":{"start":{"line":26,"column":44},"end":{"line":26,"column":55}},"type":"binary-expr","locations":[{"start":{"line":26,"column":44},"end":{"line":26,"column":58}},{"start":{"line":26,"column":44},"end":{"line":26,"column":55}}]}},"s":{"0":1,"1":1,"2":1,"3":1,"4":1,"5":1,"6":1,"7":1,"8":1,"9":1,"10":4,"11":4,"12":5,"13":2,"14":1,"15":1,"16":1,"17":1,"18":1,"19":1},"f":{"0":1,"1":4,"2":4,"3":5,"4":2},"b":{"0":[1,0],"1":[1,1],"2":[1,0],"3":[1,1],"4":[1,0],"5":[1,1],"6":[1,0],"7":[1,1]}}
,"/home/samuel/Projects/autouni-backend/src/modules/auth/decorators/public.decorator.ts": {"path":"/home/samuel/Projects/autouni-backend/src/modules/auth/decorators/public.decorator.ts","statementMap":{"0":{"start":{"line":1,"column":0},"end":{"line":1,"column":45}},"1":{"start":{"line":3,"column":13},"end":{"line":3,"column":40}},"2":{"start":{"line":4,"column":22},"end":{"line":4,"column":60}},"3":{"start":{"line":4,"column":28},"end":{"line":4,"column":60}},"4":{"start":{"line":4,"column":13},"end":{"line":4,"column":22}}},"fnMap":{"0":{"name":"(anonymous_0)","decl":{"start":{"line":4,"column":22},"end":{"line":4,"column":25}},"loc":{"start":{"line":4,"column":28},"end":{"line":4,"column":60}}}},"branchMap":{},"s":{"0":1,"1":1,"2":1,"3":3,"4":1},"f":{"0":3},"b":{}}
,"/home/samuel/Projects/autouni-backend/src/modules/auth/repository/auth.repository.ts": {"path":"/home/samuel/Projects/autouni-backend/src/modules/auth/repository/auth.repository.ts","statementMap":{"0":{"start":{"line":1,"column":0},"end":{"line":1,"column":44}},"1":{"start":{"line":2,"column":0},"end":{"line":2,"column":48}},"2":{"start":{"line":3,"column":0},"end":{"line":3,"column":66}},"3":{"start":{"line":7,"column":7},"end":{"line":86,"column":null}},"4":{"start":{"line":8,"column":31},"end":{"line":8,"column":39}},"5":{"start":{"line":11,"column":4},"end":{"line":13,"column":7}},"6":{"start":{"line":17,"column":4},"end":{"line":19,"column":7}},"7":{"start":{"line":31,"column":4},"end":{"line":36,"column":7}},"8":{"start":{"line":44,"column":4},"end":{"line":46,"column":7}},"9":{"start":{"line":56,"column":4},"end":{"line":68,"column":7}},"10":{"start":{"line":72,"column":4},"end":{"line":74,"column":7}},"11":{"start":{"line":78,"column":4},"end":{"line":84,"column":7}},"12":{"start":{"line":7,"column":13},"end":{"line":7,"column":27}},"13":{"start":{"line":7,"column":13},"end":{"line":86,"column":null}}},"fnMap":{"0":{"name":"(anonymous_2)","decl":{"start":{"line":8,"column":2},"end":{"line":8,"column":31}},"loc":{"start":{"line":8,"column":52},"end":{"line":8,"column":56}}},"1":{"name":"(anonymous_3)","decl":{"start":{"line":10,"column":2},"end":{"line":10,"column":7}},"loc":{"start":{"line":10,"column":37},"end":{"line":14,"column":3}}},"2":{"name":"(anonymous_4)","decl":{"start":{"line":16,"column":2},"end":{"line":16,"column":7}},"loc":{"start":{"line":16,"column":33},"end":{"line":20,"column":3}}},"3":{"name":"(anonymous_5)","decl":{"start":{"line":22,"column":2},"end":{"line":22,"column":7}},"loc":{"start":{"line":30,"column":3},"end":{"line":37,"column":3}}},"4":{"name":"(anonymous_6)","decl":{"start":{"line":39,"column":2},"end":{"line":39,"column":7}},"loc":{"start":{"line":43,"column":3},"end":{"line":47,"column":3}}},"5":{"name":"(anonymous_7)","decl":{"start":{"line":49,"column":2},"end":{"line":49,"column":7}},"loc":{"start":{"line":49,"column":48},"end":{"line":69,"column":3}}},"6":{"name":"(anonymous_8)","decl":{"start":{"line":71,"column":2},"end":{"line":71,"column":7}},"loc":{"start":{"line":71,"column":50},"end":{"line":75,"column":3}}},"7":{"name":"(anonymous_9)","decl":{"start":{"line":77,"column":2},"end":{"line":77,"column":7}},"loc":{"start":{"line":77,"column":34},"end":{"line":85,"column":3}}}},"branchMap":{"0":{"loc":{"start":{"line":34,"column":14},"end":{"line":34,"column":42}},"type":"binary-expr","locations":[{"start":{"line":34,"column":14},"end":{"line":34,"column":23}},{"start":{"line":34,"column":27},"end":{"line":34,"column":42}}]},"1":{"loc":{"start":{"line":8,"column":39},"end":{"line":8,"column":55}},"type":"cond-expr","locations":[{"start":{"line":8,"column":52},"end":{"line":8,"column":55}},{"start":{"line":8,"column":52},"end":{"line":8,"column":55}}]},"2":{"loc":{"start":{"line":8,"column":39},"end":{"line":8,"column":52}},"type":"binary-expr","locations":[{"start":{"line":8,"column":39},"end":{"line":8,"column":55}},{"start":{"line":8,"column":39},"end":{"line":8,"column":52}}]}},"s":{"0":1,"1":1,"2":1,"3":1,"4":1,"5":10,"6":2,"7":2,"8":1,"9":4,"10":1,"11":1,"12":1,"13":1},"f":{"0":1,"1":10,"2":2,"3":2,"4":1,"5":4,"6":1,"7":1},"b":{"0":[2,1],"1":[1,0],"2":[1,1]}}
,"/home/samuel/Projects/autouni-backend/src/modules/auth/service/auth.service.ts": {"path":"/home/samuel/Projects/autouni-backend/src/modules/auth/service/auth.service.ts","statementMap":{"0":{"start":{"line":1,"column":0},"end":{"line":1,"column":null}},"1":{"start":{"line":7,"column":0},"end":{"line":7,"column":41}},"2":{"start":{"line":8,"column":0},"end":{"line":8,"column":33}},"3":{"start":{"line":9,"column":0},"end":{"line":9,"column":63}},"4":{"start":{"line":15,"column":7},"end":{"line":168,"column":null}},"5":{"start":{"line":17,"column":21},"end":{"line":17,"column":37}},"6":{"start":{"line":18,"column":21},"end":{"line":18,"column":33}},"7":{"start":{"line":22,"column":17},"end":{"line":22,"column":65}},"8":{"start":{"line":24,"column":4},"end":{"line":26,"column":5}},"9":{"start":{"line":25,"column":6},"end":{"line":25,"column":63}},"10":{"start":{"line":28,"column":28},"end":{"line":28,"column":73}},"11":{"start":{"line":30,"column":4},"end":{"line":32,"column":5}},"12":{"start":{"line":31,"column":6},"end":{"line":31,"column":63}},"13":{"start":{"line":34,"column":39},"end":{"line":34,"column":43}},"14":{"start":{"line":35,"column":4},"end":{"line":35,"column":18}},"15":{"start":{"line":39,"column":17},"end":{"line":39,"column":75}},"16":{"start":{"line":41,"column":32},"end":{"line":46,"column":6}},"17":{"start":{"line":48,"column":24},"end":{"line":50,"column":6}},"18":{"start":{"line":52,"column":25},"end":{"line":54,"column":6}},"19":{"start":{"line":57,"column":22},"end":{"line":57,"column":57}},"20":{"start":{"line":58,"column":4},"end":{"line":62,"column":7}},"21":{"start":{"line":64,"column":4},"end":{"line":68,"column":6}},"22":{"start":{"line":73,"column":32},"end":{"line":74,"column":null}},"23":{"start":{"line":77,"column":4},"end":{"line":79,"column":5}},"24":{"start":{"line":78,"column":6},"end":{"line":78,"column":57}},"25":{"start":{"line":82,"column":4},"end":{"line":90,"column":5}},"26":{"start":{"line":83,"column":32},"end":{"line":84,"column":null}},"27":{"start":{"line":87,"column":6},"end":{"line":89,"column":7}},"28":{"start":{"line":88,"column":8},"end":{"line":88,"column":57}},"29":{"start":{"line":93,"column":27},"end":{"line":93,"column":70}},"30":{"start":{"line":96,"column":17},"end":{"line":99,"column":6}},"31":{"start":{"line":102,"column":36},"end":{"line":102,"column":40}},"32":{"start":{"line":103,"column":4},"end":{"line":103,"column":18}},"33":{"start":{"line":107,"column":4},"end":{"line":152,"column":5}},"34":{"start":{"line":108,"column":22},"end":{"line":108,"column":63}},"35":{"start":{"line":111,"column":27},"end":{"line":112,"column":null}},"36":{"start":{"line":115,"column":6},"end":{"line":117,"column":7}},"37":{"start":{"line":116,"column":8},"end":{"line":116,"column":58}},"38":{"start":{"line":119,"column":27},"end":{"line":122,"column":null}},"39":{"start":{"line":121,"column":10},"end":{"line":121,"column":63}},"40":{"start":{"line":125,"column":6},"end":{"line":127,"column":7}},"41":{"start":{"line":125,"column":40},"end":{"line":125,"column":45}},"42":{"start":{"line":126,"column":8},"end":{"line":126,"column":58}},"43":{"start":{"line":129,"column":19},"end":{"line":129,"column":75}},"44":{"start":{"line":131,"column":6},"end":{"line":133,"column":7}},"45":{"start":{"line":132,"column":8},"end":{"line":132,"column":66}},"46":{"start":{"line":135,"column":29},"end":{"line":142,"column":8}},"47":{"start":{"line":144,"column":6},"end":{"line":146,"column":8}},"48":{"start":{"line":148,"column":6},"end":{"line":150,"column":7}},"49":{"start":{"line":149,"column":8},"end":{"line":149,"column":20}},"50":{"start":{"line":151,"column":6},"end":{"line":151,"column":68}},"51":{"start":{"line":156,"column":4},"end":{"line":158,"column":5}},"52":{"start":{"line":157,"column":6},"end":{"line":157,"column":67}},"53":{"start":{"line":160,"column":4},"end":{"line":160,"column":66}},"54":{"start":{"line":162,"column":4},"end":{"line":162,"column":55}},"55":{"start":{"line":166,"column":4},"end":{"line":166,"column":59}},"56":{"start":{"line":15,"column":13},"end":{"line":15,"column":24}},"57":{"start":{"line":15,"column":13},"end":{"line":168,"column":null}}},"fnMap":{"0":{"name":"(anonymous_11)","decl":{"start":{"line":16,"column":2},"end":{"line":16,"column":null}},"loc":{"start":{"line":18,"column":43},"end":{"line":19,"column":6}}},"1":{"name":"(anonymous_12)","decl":{"start":{"line":21,"column":2},"end":{"line":21,"column":7}},"loc":{"start":{"line":21,"column":52},"end":{"line":36,"column":3}}},"2":{"name":"(anonymous_13)","decl":{"start":{"line":38,"column":2},"end":{"line":38,"column":7}},"loc":{"start":{"line":38,"column":32},"end":{"line":69,"column":3}}},"3":{"name":"(anonymous_14)","decl":{"start":{"line":71,"column":2},"end":{"line":71,"column":7}},"loc":{"start":{"line":71,"column":41},"end":{"line":104,"column":3}}},"4":{"name":"(anonymous_15)","decl":{"start":{"line":106,"column":2},"end":{"line":106,"column":7}},"loc":{"start":{"line":106,"column":34},"end":{"line":153,"column":3}}},"5":{"name":"(anonymous_16)","decl":{"start":{"line":120,"column":25},"end":{"line":120,"column":30}},"loc":{"start":{"line":120,"column":42},"end":{"line":122,"column":9}}},"6":{"name":"(anonymous_17)","decl":{"start":{"line":125,"column":29},"end":{"line":125,"column":30}},"loc":{"start":{"line":125,"column":40},"end":{"line":125,"column":45}}},"7":{"name":"(anonymous_18)","decl":{"start":{"line":155,"column":2},"end":{"line":155,"column":7}},"loc":{"start":{"line":155,"column":29},"end":{"line":163,"column":3}}},"8":{"name":"(anonymous_19)","decl":{"start":{"line":165,"column":2},"end":{"line":165,"column":7}},"loc":{"start":{"line":165,"column":26},"end":{"line":167,"column":3}}}},"branchMap":{"0":{"loc":{"start":{"line":24,"column":4},"end":{"line":26,"column":5}},"type":"if","locations":[{"start":{"line":24,"column":4},"end":{"line":26,"column":5}},{"start":{},"end":{}}]},"1":{"loc":{"start":{"line":24,"column":8},"end":{"line":24,"column":31}},"type":"binary-expr","locations":[{"start":{"line":24,"column":8},"end":{"line":24,"column":13}},{"start":{"line":24,"column":17},"end":{"line":24,"column":31}}]},"2":{"loc":{"start":{"line":30,"column":4},"end":{"line":32,"column":5}},"type":"if","locations":[{"start":{"line":30,"column":4},"end":{"line":32,"column":5}},{"start":{},"end":{}}]},"3":{"loc":{"start":{"line":77,"column":4},"end":{"line":79,"column":5}},"type":"if","locations":[{"start":{"line":77,"column":4},"end":{"line":79,"column":5}},{"start":{},"end":{}}]},"4":{"loc":{"start":{"line":82,"column":4},"end":{"line":90,"column":5}},"type":"if","locations":[{"start":{"line":82,"column":4},"end":{"line":90,"column":5}},{"start":{},"end":{}}]},"5":{"loc":{"start":{"line":87,"column":6},"end":{"line":89,"column":7}},"type":"if","locations":[{"start":{"line":87,"column":6},"end":{"line":89,"column":7}},{"start":{},"end":{}}]},"6":{"loc":{"start":{"line":115,"column":6},"end":{"line":117,"column":7}},"type":"if","locations":[{"start":{"line":115,"column":6},"end":{"line":117,"column":7}},{"start":{},"end":{}}]},"7":{"loc":{"start":{"line":125,"column":6},"end":{"line":127,"column":7}},"type":"if","locations":[{"start":{"line":125,"column":6},"end":{"line":127,"column":7}},{"start":{},"end":{}}]},"8":{"loc":{"start":{"line":131,"column":6},"end":{"line":133,"column":7}},"type":"if","locations":[{"start":{"line":131,"column":6},"end":{"line":133,"column":7}},{"start":{},"end":{}}]},"9":{"loc":{"start":{"line":148,"column":6},"end":{"line":150,"column":7}},"type":"if","locations":[{"start":{"line":148,"column":6},"end":{"line":150,"column":7}},{"start":{},"end":{}}]},"10":{"loc":{"start":{"line":156,"column":4},"end":{"line":158,"column":5}},"type":"if","locations":[{"start":{"line":156,"column":4},"end":{"line":158,"column":5}},{"start":{},"end":{}}]},"11":{"loc":{"start":{"line":17,"column":37},"end":{"line":17,"column":null}},"type":"cond-expr","locations":[{"start":{"line":17,"column":51},"end":{"line":17,"column":null}},{"start":{"line":17,"column":51},"end":{"line":17,"column":null}}]},"12":{"loc":{"start":{"line":17,"column":37},"end":{"line":17,"column":51}},"type":"binary-expr","locations":[{"start":{"line":17,"column":37},"end":{"line":17,"column":null}},{"start":{"line":17,"column":37},"end":{"line":17,"column":51}}]},"13":{"loc":{"start":{"line":17,"column":51},"end":{"line":18,"column":null}},"type":"cond-expr","locations":[{"start":{"line":18,"column":43},"end":{"line":18,"column":null}},{"start":{"line":18,"column":43},"end":{"line":18,"column":null}}]},"14":{"loc":{"start":{"line":17,"column":51},"end":{"line":18,"column":43}},"type":"binary-expr","locations":[{"start":{"line":17,"column":51},"end":{"line":18,"column":null}},{"start":{"line":18,"column":33},"end":{"line":18,"column":43}}]}},"s":{"0":1,"1":1,"2":1,"3":1,"4":1,"5":1,"6":1,"7":4,"8":4,"9":2,"10":2,"11":2,"12":1,"13":1,"14":1,"15":4,"16":1,"17":1,"18":1,"19":1,"20":1,"21":1,"22":4,"23":4,"24":1,"25":3,"26":2,"27":2,"28":1,"29":2,"30":2,"31":2,"32":2,"33":5,"34":5,"35":4,"36":4,"37":1,"38":3,"39":3,"40":3,"41":3,"42":1,"43":2,"44":2,"45":1,"46":1,"47":1,"48":4,"49":3,"50":1,"51":2,"52":1,"53":1,"54":1,"55":1,"56":1,"57":1},"f":{"0":1,"1":4,"2":4,"3":4,"4":5,"5":3,"6":3,"7":2,"8":1},"b":{"0":[2,2],"1":[4,3],"2":[1,1],"3":[1,3],"4":[2,1],"5":[1,1],"6":[1,3],"7":[1,2],"8":[1,1],"9":[3,1],"10":[1,1],"11":[1,0],"12":[1,1],"13":[1,0],"14":[1,1]}}
,"/home/samuel/Projects/autouni-backend/src/modules/automations/controller/automations.controller.ts": {"path":"/home/samuel/Projects/autouni-backend/src/modules/automations/controller/automations.controller.ts","statementMap":{"0":{"start":{"line":1,"column":0},"end":{"line":1,"column":null}},"1":{"start":{"line":16,"column":0},"end":{"line":16,"column":null}},"2":{"start":{"line":24,"column":0},"end":{"line":24,"column":68}},"3":{"start":{"line":25,"column":0},"end":{"line":25,"column":null}},"4":{"start":{"line":30,"column":0},"end":{"line":30,"column":55}},"5":{"start":{"line":36,"column":7},"end":{"line":280,"column":null}},"6":{"start":{"line":37,"column":31},"end":{"line":37,"column":51}},"7":{"start":{"line":78,"column":4},"end":{"line":78,"column":63}},"8":{"start":{"line":86,"column":4},"end":{"line":86,"column":45}},"9":{"start":{"line":114,"column":4},"end":{"line":114,"column":56}},"10":{"start":{"line":122,"column":4},"end":{"line":122,"column":49}},"11":{"start":{"line":131,"column":4},"end":{"line":131,"column":62}},"12":{"start":{"line":141,"column":4},"end":{"line":141,"column":48}},"13":{"start":{"line":192,"column":4},"end":{"line":192,"column":57}},"14":{"start":{"line":206,"column":4},"end":{"line":206,"column":67}},"15":{"start":{"line":219,"column":4},"end":{"line":219,"column":72}},"16":{"start":{"line":266,"column":4},"end":{"line":266,"column":54}},"17":{"start":{"line":267,"column":4},"end":{"line":267,"column":59}},"18":{"start":{"line":278,"column":4},"end":{"line":278,"column":45}},"19":{"start":{"line":36,"column":13},"end":{"line":36,"column":34}},"20":{"start":{"line":77,"column":8},"end":{"line":79,"column":null}},"21":{"start":{"line":85,"column":8},"end":{"line":87,"column":null}},"22":{"start":{"line":113,"column":8},"end":{"line":115,"column":null}},"23":{"start":{"line":121,"column":8},"end":{"line":123,"column":null}},"24":{"start":{"line":130,"column":8},"end":{"line":132,"column":null}},"25":{"start":{"line":140,"column":8},"end":{"line":142,"column":null}},"26":{"start":{"line":188,"column":8},"end":{"line":193,"column":null}},"27":{"start":{"line":202,"column":8},"end":{"line":207,"column":null}},"28":{"start":{"line":215,"column":8},"end":{"line":220,"column":null}},"29":{"start":{"line":265,"column":8},"end":{"line":268,"column":null}},"30":{"start":{"line":277,"column":8},"end":{"line":279,"column":null}},"31":{"start":{"line":36,"column":13},"end":{"line":280,"column":null}}},"fnMap":{"0":{"name":"(anonymous_4)","decl":{"start":{"line":37,"column":2},"end":{"line":37,"column":31}},"loc":{"start":{"line":37,"column":69},"end":{"line":37,"column":73}}},"1":{"name":"(anonymous_5)","decl":{"start":{"line":77,"column":8},"end":{"line":77,"column":14}},"loc":{"start":{"line":77,"column":63},"end":{"line":79,"column":3}}},"2":{"name":"(anonymous_6)","decl":{"start":{"line":85,"column":8},"end":{"line":85,"column":15}},"loc":{"start":{"line":85,"column":15},"end":{"line":87,"column":3}}},"3":{"name":"(anonymous_7)","decl":{"start":{"line":113,"column":8},"end":{"line":113,"column":16}},"loc":{"start":{"line":113,"column":16},"end":{"line":115,"column":3}}},"4":{"name":"(anonymous_8)","decl":{"start":{"line":121,"column":8},"end":{"line":121,"column":19}},"loc":{"start":{"line":121,"column":19},"end":{"line":123,"column":3}}},"5":{"name":"(anonymous_9)","decl":{"start":{"line":130,"column":8},"end":{"line":130,"column":21}},"loc":{"start":{"line":130,"column":74},"end":{"line":132,"column":3}}},"6":{"name":"(anonymous_10)","decl":{"start":{"line":140,"column":8},"end":{"line":140,"column":15}},"loc":{"start":{"line":140,"column":54},"end":{"line":142,"column":3}}},"7":{"name":"(anonymous_11)","decl":{"start":{"line":188,"column":8},"end":{"line":188,"column":18}},"loc":{"start":{"line":190,"column":34},"end":{"line":193,"column":3}}},"8":{"name":"(anonymous_12)","decl":{"start":{"line":202,"column":8},"end":{"line":202,"column":14}},"loc":{"start":{"line":204,"column":52},"end":{"line":207,"column":3}}},"9":{"name":"(anonymous_13)","decl":{"start":{"line":215,"column":8},"end":{"line":215,"column":14}},"loc":{"start":{"line":217,"column":42},"end":{"line":220,"column":3}}},"10":{"name":"(anonymous_14)","decl":{"start":{"line":265,"column":8},"end":{"line":265,"column":23}},"loc":{"start":{"line":265,"column":62},"end":{"line":268,"column":3}}},"11":{"name":"(anonymous_15)","decl":{"start":{"line":277,"column":8},"end":{"line":277,"column":14}},"loc":{"start":{"line":277,"column":53},"end":{"line":279,"column":3}}}},"branchMap":{"0":{"loc":{"start":{"line":77,"column":44},"end":{"line":77,"column":null}},"type":"cond-expr","locations":[{"start":{"line":77,"column":63},"end":{"line":77,"column":null}},{"start":{"line":77,"column":63},"end":{"line":77,"column":null}}]},"1":{"loc":{"start":{"line":77,"column":44},"end":{"line":77,"column":63}},"type":"binary-expr","locations":[{"start":{"line":77,"column":44},"end":{"line":77,"column":null}},{"start":{"line":77,"column":44},"end":{"line":77,"column":63}}]},"2":{"loc":{"start":{"line":204,"column":33},"end":{"line":204,"column":null}},"type":"cond-expr","locations":[{"start":{"line":204,"column":52},"end":{"line":204,"column":null}},{"start":{"line":204,"column":52},"end":{"line":204,"column":null}}]},"3":{"loc":{"start":{"line":204,"column":33},"end":{"line":204,"column":52}},"type":"binary-expr","locations":[{"start":{"line":204,"column":33},"end":{"line":204,"column":null}},{"start":{"line":204,"column":33},"end":{"line":204,"column":52}}]},"4":{"loc":{"start":{"line":217,"column":23},"end":{"line":217,"column":null}},"type":"cond-expr","locations":[{"start":{"line":217,"column":42},"end":{"line":217,"column":null}},{"start":{"line":217,"column":42},"end":{"line":217,"column":null}}]},"5":{"loc":{"start":{"line":217,"column":23},"end":{"line":217,"column":42}},"type":"binary-expr","locations":[{"start":{"line":217,"column":23},"end":{"line":217,"column":null}},{"start":{"line":217,"column":23},"end":{"line":217,"column":42}}]},"6":{"loc":{"start":{"line":37,"column":51},"end":{"line":37,"column":72}},"type":"cond-expr","locations":[{"start":{"line":37,"column":69},"end":{"line":37,"column":72}},{"start":{"line":37,"column":69},"end":{"line":37,"column":72}}]},"7":{"loc":{"start":{"line":37,"column":51},"end":{"line":37,"column":69}},"type":"binary-expr","locations":[{"start":{"line":37,"column":51},"end":{"line":37,"column":72}},{"start":{"line":37,"column":51},"end":{"line":37,"column":69}}]}},"s":{"0":1,"1":1,"2":1,"3":1,"4":1,"5":1,"6":1,"7":4,"8":1,"9":1,"10":1,"11":1,"12":2,"13":2,"14":2,"15":1,"16":3,"17":1,"18":2,"19":1,"20":1,"21":1,"22":1,"23":1,"24":1,"25":1,"26":1,"27":1,"28":1,"29":1,"30":1,"31":1},"f":{"0":1,"1":4,"2":1,"3":1,"4":1,"5":1,"6":2,"7":2,"8":2,"9":1,"10":3,"11":2},"b":{"0":[1,0],"1":[1,1],"2":[1,0],"3":[1,1],"4":[1,0],"5":[1,1],"6":[1,0],"7":[1,1]}}
,"/home/samuel/Projects/autouni-backend/src/modules/automations/repository/automations.repository.ts": {"path":"/home/samuel/Projects/autouni-backend/src/modules/automations/repository/automations.repository.ts","statementMap":{"0":{"start":{"line":1,"column":0},"end":{"line":1,"column":63}},"1":{"start":{"line":3,"column":0},"end":{"line":3,"column":66}},"2":{"start":{"line":12,"column":7},"end":{"line":218,"column":null}},"3":{"start":{"line":13,"column":31},"end":{"line":13,"column":39}},"4":{"start":{"line":16,"column":4},"end":{"line":36,"column":7}},"5":{"start":{"line":40,"column":4},"end":{"line":53,"column":7}},"6":{"start":{"line":57,"column":4},"end":{"line":74,"column":7}},"7":{"start":{"line":78,"column":4},"end":{"line":92,"column":7}},"8":{"start":{"line":96,"column":4},"end":{"line":107,"column":7}},"9":{"start":{"line":111,"column":4},"end":{"line":125,"column":7}},"10":{"start":{"line":129,"column":19},"end":{"line":129,"column":77}},"11":{"start":{"line":131,"column":4},"end":{"line":133,"column":5}},"12":{"start":{"line":132,"column":6},"end":{"line":132,"column":72}},"13":{"start":{"line":135,"column":4},"end":{"line":155,"column":7}},"14":{"start":{"line":159,"column":19},"end":{"line":159,"column":77}},"15":{"start":{"line":161,"column":4},"end":{"line":163,"column":5}},"16":{"start":{"line":162,"column":6},"end":{"line":162,"column":72}},"17":{"start":{"line":165,"column":4},"end":{"line":167,"column":7}},"18":{"start":{"line":171,"column":4},"end":{"line":176,"column":7}},"19":{"start":{"line":180,"column":4},"end":{"line":192,"column":7}},"20":{"start":{"line":200,"column":4},"end":{"line":206,"column":7}},"21":{"start":{"line":210,"column":4},"end":{"line":216,"column":7}},"22":{"start":{"line":12,"column":13},"end":{"line":12,"column":34}},"23":{"start":{"line":12,"column":13},"end":{"line":218,"column":null}}},"fnMap":{"0":{"name":"(anonymous_2)","decl":{"start":{"line":13,"column":2},"end":{"line":13,"column":31}},"loc":{"start":{"line":13,"column":52},"end":{"line":13,"column":56}}},"1":{"name":"(anonymous_3)","decl":{"start":{"line":15,"column":2},"end":{"line":15,"column":7}},"loc":{"start":{"line":15,"column":40},"end":{"line":37,"column":3}}},"2":{"name":"(anonymous_4)","decl":{"start":{"line":39,"column":2},"end":{"line":39,"column":7}},"loc":{"start":{"line":39,"column":15},"end":{"line":54,"column":3}}},"3":{"name":"(anonymous_5)","decl":{"start":{"line":56,"column":2},"end":{"line":56,"column":7}},"loc":{"start":{"line":56,"column":27},"end":{"line":75,"column":3}}},"4":{"name":"(anonymous_6)","decl":{"start":{"line":77,"column":2},"end":{"line":77,"column":7}},"loc":{"start":{"line":77,"column":41},"end":{"line":93,"column":3}}},"5":{"name":"(anonymous_7)","decl":{"start":{"line":95,"column":2},"end":{"line":95,"column":7}},"loc":{"start":{"line":95,"column":19},"end":{"line":108,"column":3}}},"6":{"name":"(anonymous_8)","decl":{"start":{"line":110,"column":2},"end":{"line":110,"column":7}},"loc":{"start":{"line":110,"column":50},"end":{"line":126,"column":3}}},"7":{"name":"(anonymous_9)","decl":{"start":{"line":128,"column":2},"end":{"line":128,"column":7}},"loc":{"start":{"line":128,"column":52},"end":{"line":156,"column":3}}},"8":{"name":"(anonymous_10)","decl":{"start":{"line":158,"column":2},"end":{"line":158,"column":7}},"loc":{"start":{"line":158,"column":25},"end":{"line":168,"column":3}}},"9":{"name":"(anonymous_11)","decl":{"start":{"line":170,"column":2},"end":{"line":170,"column":7}},"loc":{"start":{"line":170,"column":49},"end":{"line":177,"column":3}}},"10":{"name":"(anonymous_12)","decl":{"start":{"line":179,"column":2},"end":{"line":179,"column":7}},"loc":{"start":{"line":179,"column":50},"end":{"line":193,"column":3}}},"11":{"name":"(anonymous_13)","decl":{"start":{"line":195,"column":2},"end":{"line":195,"column":7}},"loc":{"start":{"line":199,"column":3},"end":{"line":207,"column":3}}},"12":{"name":"(anonymous_14)","decl":{"start":{"line":209,"column":2},"end":{"line":209,"column":7}},"loc":{"start":{"line":209,"column":60},"end":{"line":217,"column":3}}}},"branchMap":{"0":{"loc":{"start":{"line":24,"column":16},"end":{"line":24,"column":91}},"type":"cond-expr","locations":[{"start":{"line":24,"column":50},"end":{"line":24,"column":61}},{"start":{"line":24,"column":64},"end":{"line":24,"column":91}}]},"1":{"loc":{"start":{"line":25,"column":17},"end":{"line":25,"column":37}},"type":"binary-expr","locations":[{"start":{"line":25,"column":17},"end":{"line":25,"column":29}},{"start":{"line":25,"column":33},"end":{"line":25,"column":37}}]},"2":{"loc":{"start":{"line":131,"column":4},"end":{"line":133,"column":5}},"type":"if","locations":[{"start":{"line":131,"column":4},"end":{"line":133,"column":5}},{"start":{},"end":{}}]},"3":{"loc":{"start":{"line":140,"column":21},"end":{"line":140,"column":91}},"type":"cond-expr","locations":[{"start":{"line":140,"column":41},"end":{"line":140,"column":79}},{"start":{"line":140,"column":82},"end":{"line":140,"column":91}}]},"4":{"loc":{"start":{"line":143,"column":16},"end":{"line":143,"column":119}},"type":"cond-expr","locations":[{"start":{"line":143,"column":31},"end":{"line":143,"column":106}},{"start":{"line":143,"column":110},"end":{"line":143,"column":119}}]},"5":{"loc":{"start":{"line":143,"column":31},"end":{"line":143,"column":106}},"type":"cond-expr","locations":[{"start":{"line":143,"column":65},"end":{"line":143,"column":76}},{"start":{"line":143,"column":79},"end":{"line":143,"column":106}}]},"6":{"loc":{"start":{"line":161,"column":4},"end":{"line":163,"column":5}},"type":"if","locations":[{"start":{"line":161,"column":4},"end":{"line":163,"column":5}},{"start":{},"end":{}}]},"7":{"loc":{"start":{"line":209,"column":42},"end":{"line":209,"column":60}},"type":"default-arg","locations":[{"start":{"line":209,"column":58},"end":{"line":209,"column":60}}]},"8":{"loc":{"start":{"line":13,"column":39},"end":{"line":13,"column":55}},"type":"cond-expr","locations":[{"start":{"line":13,"column":52},"end":{"line":13,"column":55}},{"start":{"line":13,"column":52},"end":{"line":13,"column":55}}]},"9":{"loc":{"start":{"line":13,"column":39},"end":{"line":13,"column":52}},"type":"binary-expr","locations":[{"start":{"line":13,"column":39},"end":{"line":13,"column":55}},{"start":{"line":13,"column":39},"end":{"line":13,"column":52}}]}},"s":{"0":1,"1":1,"2":1,"3":1,"4":2,"5":2,"6":12,"7":1,"8":1,"9":0,"10":1,"11":1,"12":0,"13":1,"14":1,"15":1,"16":0,"17":1,"18":1,"19":1,"20":1,"21":1,"22":1,"23":1},"f":{"0":1,"1":2,"2":2,"3":12,"4":1,"5":1,"6":0,"7":1,"8":1,"9":1,"10":1,"11":1,"12":1},"b":{"0":[2,0],"1":[2,2],"2":[0,1],"3":[0,1],"4":[0,1],"5":[0,0],"6":[0,1],"7":[1],"8":[1,0],"9":[1,1]}}
,"/home/samuel/Projects/autouni-backend/src/modules/automations/service/automations.service.ts": {"path":"/home/samuel/Projects/autouni-backend/src/modules/automations/service/automations.service.ts","statementMap":{"0":{"start":{"line":1,"column":0},"end":{"line":1,"column":92}},"1":{"start":{"line":2,"column":0},"end":{"line":2,"column":44}},"2":{"start":{"line":4,"column":0},"end":{"line":4,"column":51}},"3":{"start":{"line":5,"column":0},"end":{"line":5,"column":77}},"4":{"start":{"line":6,"column":0},"end":{"line":6,"column":62}},"5":{"start":{"line":7,"column":0},"end":{"line":7,"column":null}},"6":{"start":{"line":15,"column":31},"end":{"line":223,"column":null}},"7":{"start":{"line":16,"column":28},"end":{"line":16,"column":63}},"8":{"start":{"line":19,"column":21},"end":{"line":19,"column":44}},"9":{"start":{"line":20,"column":21},"end":{"line":20,"column":34}},"10":{"start":{"line":25,"column":4},"end":{"line":27,"column":5}},"11":{"start":{"line":26,"column":6},"end":{"line":26,"column":78}},"12":{"start":{"line":30,"column":4},"end":{"line":35,"column":5}},"13":{"start":{"line":31,"column":6},"end":{"line":33,"column":7}},"14":{"start":{"line":32,"column":8},"end":{"line":32,"column":95}},"15":{"start":{"line":34,"column":6},"end":{"line":34,"column":60}},"16":{"start":{"line":37,"column":4},"end":{"line":37,"column":66}},"17":{"start":{"line":41,"column":4},"end":{"line":41,"column":48}},"18":{"start":{"line":45,"column":23},"end":{"line":45,"column":68}},"19":{"start":{"line":47,"column":4},"end":{"line":49,"column":5}},"20":{"start":{"line":48,"column":6},"end":{"line":48,"column":72}},"21":{"start":{"line":51,"column":4},"end":{"line":51,"column":22}},"22":{"start":{"line":55,"column":4},"end":{"line":55,"column":65}},"23":{"start":{"line":59,"column":4},"end":{"line":59,"column":52}},"24":{"start":{"line":63,"column":4},"end":{"line":63,"column":28}},"25":{"start":{"line":66,"column":4},"end":{"line":68,"column":5}},"26":{"start":{"line":67,"column":6},"end":{"line":67,"column":78}},"27":{"start":{"line":71,"column":4},"end":{"line":76,"column":5}},"28":{"start":{"line":75,"column":6},"end":{"line":75,"column":60}},"29":{"start":{"line":78,"column":4},"end":{"line":78,"column":70}},"30":{"start":{"line":82,"column":4},"end":{"line":82,"column":28}},"31":{"start":{"line":83,"column":4},"end":{"line":83,"column":49}},"32":{"start":{"line":87,"column":4},"end":{"line":87,"column":28}},"33":{"start":{"line":88,"column":4},"end":{"line":88,"column":65}},"34":{"start":{"line":92,"column":4},"end":{"line":92,"column":28}},"35":{"start":{"line":93,"column":4},"end":{"line":93,"column":61}},"36":{"start":{"line":97,"column":23},"end":{"line":97,"column":46}},"37":{"start":{"line":99,"column":4},"end":{"line":101,"column":5}},"38":{"start":{"line":100,"column":6},"end":{"line":100,"column":62}},"39":{"start":{"line":103,"column":4},"end":{"line":103,"column":45}},"40":{"start":{"line":109,"column":4},"end":{"line":134,"column":5}},"41":{"start":{"line":110,"column":34},"end":{"line":110,"column":106}},"42":{"start":{"line":111,"column":18},"end":{"line":111,"column":28}},"43":{"start":{"line":113,"column":6},"end":{"line":131,"column":7}},"44":{"start":{"line":114,"column":8},"end":{"line":130,"column":9}},"45":{"start":{"line":115,"column":10},"end":{"line":115,"column":41}},"46":{"start":{"line":115,"column":32},"end":{"line":115,"column":41}},"47":{"start":{"line":118,"column":28},"end":{"line":118,"column":96}},"48":{"start":{"line":120,"column":10},"end":{"line":122,"column":11}},"49":{"start":{"line":121,"column":12},"end":{"line":121,"column":53}},"50":{"start":{"line":124,"column":10},"end":{"line":124,"column":80}},"51":{"start":{"line":125,"column":10},"end":{"line":129,"column":13}},"52":{"start":{"line":133,"column":6},"end":{"line":133,"column":59}},"53":{"start":{"line":138,"column":4},"end":{"line":142,"column":5}},"54":{"start":{"line":139,"column":6},"end":{"line":139,"column":49}},"55":{"start":{"line":141,"column":6},"end":{"line":141,"column":79}},"56":{"start":{"line":146,"column":4},"end":{"line":158,"column":5}},"57":{"start":{"line":147,"column":23},"end":{"line":149,"column":8}},"58":{"start":{"line":151,"column":22},"end":{"line":151,"column":46}},"59":{"start":{"line":154,"column":6},"end":{"line":154,"column":28}},"60":{"start":{"line":156,"column":6},"end":{"line":156,"column":81}},"61":{"start":{"line":157,"column":6},"end":{"line":157,"column":19}},"62":{"start":{"line":162,"column":4},"end":{"line":206,"column":5}},"63":{"start":{"line":163,"column":6},"end":{"line":163,"column":85}},"64":{"start":{"line":167,"column":6},"end":{"line":173,"column":7}},"65":{"start":{"line":168,"column":8},"end":{"line":170,"column":37}},"66":{"start":{"line":172,"column":8},"end":{"line":172,"column":49}},"67":{"start":{"line":176,"column":6},"end":{"line":180,"column":7}},"68":{"start":{"line":178,"column":8},"end":{"line":178,"column":69}},"69":{"start":{"line":179,"column":8},"end":{"line":179,"column":71}},"70":{"start":{"line":185,"column":6},"end":{"line":185,"column":80}},"71":{"start":{"line":188,"column":6},"end":{"line":192,"column":9}},"72":{"start":{"line":194,"column":6},"end":{"line":194,"column":75}},"73":{"start":{"line":196,"column":6},"end":{"line":196,"column":76}},"74":{"start":{"line":199,"column":6},"end":{"line":203,"column":9}},"75":{"start":{"line":205,"column":6},"end":{"line":205,"column":16}},"76":{"start":{"line":210,"column":16},"end":{"line":210,"column":36}},"77":{"start":{"line":212,"column":4},"end":{"line":221,"column":6}},"78":{"start":{"line":214,"column":31},"end":{"line":214,"column":40}},"79":{"start":{"line":215,"column":32},"end":{"line":215,"column":42}},"80":{"start":{"line":217,"column":34},"end":{"line":217,"column":62}},"81":{"start":{"line":218,"column":35},"end":{"line":218,"column":64}},"82":{"start":{"line":219,"column":32},"end":{"line":219,"column":58}},"83":{"start":{"line":15,"column":13},"end":{"line":15,"column":31}},"84":{"start":{"line":108,"column":8},"end":{"line":135,"column":null}},"85":{"start":{"line":15,"column":13},"end":{"line":223,"column":null}}},"fnMap":{"0":{"name":"(anonymous_2)","decl":{"start":{"line":18,"column":2},"end":{"line":18,"column":null}},"loc":{"start":{"line":20,"column":45},"end":{"line":21,"column":6}}},"1":{"name":"(anonymous_3)","decl":{"start":{"line":23,"column":2},"end":{"line":23,"column":7}},"loc":{"start":{"line":23,"column":55},"end":{"line":38,"column":3}}},"2":{"name":"(anonymous_4)","decl":{"start":{"line":40,"column":2},"end":{"line":40,"column":7}},"loc":{"start":{"line":40,"column":15},"end":{"line":42,"column":3}}},"3":{"name":"(anonymous_5)","decl":{"start":{"line":44,"column":2},"end":{"line":44,"column":7}},"loc":{"start":{"line":44,"column":27},"end":{"line":52,"column":3}}},"4":{"name":"(anonymous_6)","decl":{"start":{"line":54,"column":2},"end":{"line":54,"column":7}},"loc":{"start":{"line":54,"column":41},"end":{"line":56,"column":3}}},"5":{"name":"(anonymous_7)","decl":{"start":{"line":58,"column":2},"end":{"line":58,"column":7}},"loc":{"start":{"line":58,"column":19},"end":{"line":60,"column":3}}},"6":{"name":"(anonymous_8)","decl":{"start":{"line":62,"column":2},"end":{"line":62,"column":7}},"loc":{"start":{"line":62,"column":67},"end":{"line":79,"column":3}}},"7":{"name":"(anonymous_9)","decl":{"start":{"line":81,"column":2},"end":{"line":81,"column":7}},"loc":{"start":{"line":81,"column":25},"end":{"line":84,"column":3}}},"8":{"name":"(anonymous_10)","decl":{"start":{"line":86,"column":2},"end":{"line":86,"column":7}},"loc":{"start":{"line":86,"column":50},"end":{"line":89,"column":3}}},"9":{"name":"(anonymous_11)","decl":{"start":{"line":91,"column":2},"end":{"line":91,"column":7}},"loc":{"start":{"line":91,"column":45},"end":{"line":94,"column":3}}},"10":{"name":"(anonymous_12)","decl":{"start":{"line":96,"column":2},"end":{"line":96,"column":7}},"loc":{"start":{"line":96,"column":34},"end":{"line":104,"column":3}}},"11":{"name":"(anonymous_13)","decl":{"start":{"line":108,"column":8},"end":{"line":108,"column":25}},"loc":{"start":{"line":108,"column":25},"end":{"line":135,"column":3}}},"12":{"name":"(anonymous_14)","decl":{"start":{"line":137,"column":10},"end":{"line":137,"column":32}},"loc":{"start":{"line":137,"column":55},"end":{"line":143,"column":3}}},"13":{"name":"(anonymous_15)","decl":{"start":{"line":145,"column":10},"end":{"line":145,"column":29}},"loc":{"start":{"line":145,"column":87},"end":{"line":159,"column":3}}},"14":{"name":"(anonymous_16)","decl":{"start":{"line":161,"column":10},"end":{"line":161,"column":15}},"loc":{"start":{"line":161,"column":56},"end":{"line":207,"column":3}}},"15":{"name":"(anonymous_17)","decl":{"start":{"line":209,"column":2},"end":{"line":209,"column":7}},"loc":{"start":{"line":209,"column":26},"end":{"line":222,"column":3}}},"16":{"name":"(anonymous_18)","decl":{"start":{"line":214,"column":26},"end":{"line":214,"column":27}},"loc":{"start":{"line":214,"column":31},"end":{"line":214,"column":40}}},"17":{"name":"(anonymous_19)","decl":{"start":{"line":215,"column":27},"end":{"line":215,"column":28}},"loc":{"start":{"line":215,"column":32},"end":{"line":215,"column":42}}},"18":{"name":"(anonymous_20)","decl":{"start":{"line":217,"column":29},"end":{"line":217,"column":30}},"loc":{"start":{"line":217,"column":34},"end":{"line":217,"column":62}}},"19":{"name":"(anonymous_21)","decl":{"start":{"line":218,"column":30},"end":{"line":218,"column":31}},"loc":{"start":{"line":218,"column":35},"end":{"line":218,"column":64}}},"20":{"name":"(anonymous_22)","decl":{"start":{"line":219,"column":27},"end":{"line":219,"column":28}},"loc":{"start":{"line":219,"column":32},"end":{"line":219,"column":58}}}},"branchMap":{"0":{"loc":{"start":{"line":25,"column":4},"end":{"line":27,"column":5}},"type":"if","locations":[{"start":{"line":25,"column":4},"end":{"line":27,"column":5}},{"start":{},"end":{}}]},"1":{"loc":{"start":{"line":30,"column":4},"end":{"line":35,"column":5}},"type":"if","locations":[{"start":{"line":30,"column":4},"end":{"line":35,"column":5}},{"start":{},"end":{}}]},"2":{"loc":{"start":{"line":31,"column":6},"end":{"line":33,"column":7}},"type":"if","locations":[{"start":{"line":31,"column":6},"end":{"line":33,"column":7}},{"start":{},"end":{}}]},"3":{"loc":{"start":{"line":47,"column":4},"end":{"line":49,"column":5}},"type":"if","locations":[{"start":{"line":47,"column":4},"end":{"line":49,"column":5}},{"start":{},"end":{}}]},"4":{"loc":{"start":{"line":66,"column":4},"end":{"line":68,"column":5}},"type":"if","locations":[{"start":{"line":66,"column":4},"end":{"line":68,"column":5}},{"start":{},"end":{}}]},"5":{"loc":{"start":{"line":66,"column":8},"end":{"line":66,"column":84}},"type":"binary-expr","locations":[{"start":{"line":66,"column":8},"end":{"line":66,"column":34}},{"start":{"line":66,"column":38},"end":{"line":66,"column":84}}]},"6":{"loc":{"start":{"line":71,"column":4},"end":{"line":76,"column":5}},"type":"if","locations":[{"start":{"line":71,"column":4},"end":{"line":76,"column":5}},{"start":{},"end":{}}]},"7":{"loc":{"start":{"line":72,"column":6},"end":{"line":73,"column":30}},"type":"binary-expr","locations":[{"start":{"line":72,"column":7},"end":{"line":72,"column":63}},{"start":{"line":72,"column":67},"end":{"line":72,"column":91}},{"start":{"line":73,"column":6},"end":{"line":73,"column":30}}]},"8":{"loc":{"start":{"line":99,"column":4},"end":{"line":101,"column":5}},"type":"if","locations":[{"start":{"line":99,"column":4},"end":{"line":101,"column":5}},{"start":{},"end":{}}]},"9":{"loc":{"start":{"line":115,"column":10},"end":{"line":115,"column":41}},"type":"if","locations":[{"start":{"line":115,"column":10},"end":{"line":115,"column":41}},{"start":{},"end":{}}]},"10":{"loc":{"start":{"line":120,"column":10},"end":{"line":122,"column":11}},"type":"if","locations":[{"start":{"line":120,"column":10},"end":{"line":122,"column":11}},{"start":{},"end":{}}]},"11":{"loc":{"start":{"line":148,"column":21},"end":{"line":148,"column":65}},"type":"binary-expr","locations":[{"start":{"line":148,"column":21},"end":{"line":148,"column":30}},{"start":{"line":148,"column":34},"end":{"line":148,"column":65}}]},"12":{"loc":{"start":{"line":168,"column":17},"end":{"line":170,"column":36}},"type":"cond-expr","locations":[{"start":{"line":169,"column":12},"end":{"line":169,"column":41}},{"start":{"line":170,"column":12},"end":{"line":170,"column":36}}]},"13":{"loc":{"start":{"line":176,"column":6},"end":{"line":180,"column":7}},"type":"if","locations":[{"start":{"line":176,"column":6},"end":{"line":180,"column":7}},{"start":{},"end":{}}]},"14":{"loc":{"start":{"line":178,"column":47},"end":{"line":178,"column":67}},"type":"binary-expr","locations":[{"start":{"line":178,"column":47},"end":{"line":178,"column":61}},{"start":{"line":178,"column":65},"end":{"line":178,"column":67}}]},"15":{"loc":{"start":{"line":19,"column":44},"end":{"line":19,"column":null}},"type":"cond-expr","locations":[{"start":{"line":19,"column":65},"end":{"line":19,"column":null}},{"start":{"line":19,"column":65},"end":{"line":19,"column":null}}]},"16":{"loc":{"start":{"line":19,"column":44},"end":{"line":19,"column":65}},"type":"binary-expr","locations":[{"start":{"line":19,"column":44},"end":{"line":19,"column":null}},{"start":{"line":19,"column":44},"end":{"line":19,"column":65}}]},"17":{"loc":{"start":{"line":19,"column":65},"end":{"line":20,"column":null}},"type":"cond-expr","locations":[{"start":{"line":20,"column":45},"end":{"line":20,"column":null}},{"start":{"line":20,"column":45},"end":{"line":20,"column":null}}]},"18":{"loc":{"start":{"line":19,"column":65},"end":{"line":20,"column":45}},"type":"binary-expr","locations":[{"start":{"line":19,"column":65},"end":{"line":20,"column":null}},{"start":{"line":20,"column":34},"end":{"line":20,"column":45}}]}},"s":{"0":1,"1":1,"2":1,"3":1,"4":1,"5":1,"6":1,"7":1,"8":1,"9":1,"10":4,"11":4,"12":4,"13":3,"14":1,"15":2,"16":2,"17":2,"18":12,"19":12,"20":5,"21":7,"22":1,"23":1,"24":2,"25":1,"26":0,"27":1,"28":0,"29":1,"30":2,"31":1,"32":1,"33":1,"34":2,"35":1,"36":3,"37":2,"38":1,"39":1,"40":0,"41":0,"42":0,"43":0,"44":0,"45":0,"46":0,"47":0,"48":0,"49":0,"50":0,"51":0,"52":0,"53":2,"54":2,"55":1,"56":0,"57":0,"58":0,"59":0,"60":0,"61":0,"62":1,"63":1,"64":1,"65":1,"66":0,"67":1,"68":1,"69":1,"70":1,"71":1,"72":1,"73":0,"74":0,"75":0,"76":1,"77":1,"78":1,"79":1,"80":1,"81":1,"82":1,"83":1,"84":1,"85":1},"f":{"0":1,"1":4,"2":2,"3":12,"4":1,"5":1,"6":2,"7":2,"8":1,"9":2,"10":3,"11":0,"12":2,"13":0,"14":1,"15":1,"16":1,"17":1,"18":1,"19":1,"20":1},"b":{"0":[4,0],"1":[3,1],"2":[1,2],"3":[5,7],"4":[0,1],"5":[1,0],"6":[0,1],"7":[1,1,0],"8":[1,1],"9":[0,0],"10":[0,0],"11":[0,0],"12":[1,0],"13":[1,0],"14":[1,0],"15":[1,0],"16":[1,1],"17":[1,0],"18":[1,1]}}
,"/home/samuel/Projects/autouni-backend/src/modules/buildings/controller/buildings.controller.ts": {"path":"/home/samuel/Projects/autouni-backend/src/modules/buildings/controller/buildings.controller.ts","statementMap":{"0":{"start":{"line":1,"column":0},"end":{"line":1,"column":null}},"1":{"start":{"line":11,"column":0},"end":{"line":11,"column":null}},"2":{"start":{"line":18,"column":0},"end":{"line":18,"column":64}},"3":{"start":{"line":19,"column":0},"end":{"line":19,"column":63}},"4":{"start":{"line":20,"column":0},"end":{"line":20,"column":63}},"5":{"start":{"line":21,"column":0},"end":{"line":21,"column":55}},"6":{"start":{"line":27,"column":7},"end":{"line":148,"column":null}},"7":{"start":{"line":28,"column":31},"end":{"line":28,"column":49}},"8":{"start":{"line":63,"column":4},"end":{"line":63,"column":59}},"9":{"start":{"line":70,"column":4},"end":{"line":70,"column":43}},"10":{"start":{"line":79,"column":4},"end":{"line":79,"column":46}},"11":{"start":{"line":91,"column":4},"end":{"line":91,"column":59}},"12":{"start":{"line":125,"column":4},"end":{"line":125,"column":46}},"13":{"start":{"line":137,"column":4},"end":{"line":137,"column":63}},"14":{"start":{"line":146,"column":4},"end":{"line":146,"column":44}},"15":{"start":{"line":27,"column":13},"end":{"line":27,"column":32}},"16":{"start":{"line":62,"column":8},"end":{"line":64,"column":null}},"17":{"start":{"line":69,"column":8},"end":{"line":71,"column":null}},"18":{"start":{"line":78,"column":8},"end":{"line":80,"column":null}},"19":{"start":{"line":90,"column":8},"end":{"line":92,"column":null}},"20":{"start":{"line":124,"column":8},"end":{"line":126,"column":null}},"21":{"start":{"line":133,"column":8},"end":{"line":138,"column":null}},"22":{"start":{"line":145,"column":8},"end":{"line":147,"column":null}},"23":{"start":{"line":27,"column":13},"end":{"line":148,"column":null}}},"fnMap":{"0":{"name":"(anonymous_4)","decl":{"start":{"line":28,"column":2},"end":{"line":28,"column":31}},"loc":{"start":{"line":28,"column":65},"end":{"line":28,"column":69}}},"1":{"name":"(anonymous_5)","decl":{"start":{"line":62,"column":8},"end":{"line":62,"column":14}},"loc":{"start":{"line":62,"column":59},"end":{"line":64,"column":3}}},"2":{"name":"(anonymous_6)","decl":{"start":{"line":69,"column":8},"end":{"line":69,"column":15}},"loc":{"start":{"line":69,"column":15},"end":{"line":71,"column":3}}},"3":{"name":"(anonymous_7)","decl":{"start":{"line":78,"column":8},"end":{"line":78,"column":16}},"loc":{"start":{"line":78,"column":40},"end":{"line":80,"column":3}}},"4":{"name":"(anonymous_8)","decl":{"start":{"line":90,"column":8},"end":{"line":90,"column":29}},"loc":{"start":{"line":90,"column":53},"end":{"line":92,"column":3}}},"5":{"name":"(anonymous_9)","decl":{"start":{"line":124,"column":8},"end":{"line":124,"column":16}},"loc":{"start":{"line":124,"column":40},"end":{"line":126,"column":3}}},"6":{"name":"(anonymous_10)","decl":{"start":{"line":133,"column":8},"end":{"line":133,"column":14}},"loc":{"start":{"line":135,"column":48},"end":{"line":138,"column":3}}},"7":{"name":"(anonymous_11)","decl":{"start":{"line":145,"column":8},"end":{"line":145,"column":14}},"loc":{"start":{"line":145,"column":38},"end":{"line":147,"column":3}}}},"branchMap":{"0":{"loc":{"start":{"line":62,"column":42},"end":{"line":62,"column":null}},"type":"cond-expr","locations":[{"start":{"line":62,"column":59},"end":{"line":62,"column":null}},{"start":{"line":62,"column":59},"end":{"line":62,"column":null}}]},"1":{"loc":{"start":{"line":62,"column":42},"end":{"line":62,"column":59}},"type":"binary-expr","locations":[{"start":{"line":62,"column":42},"end":{"line":62,"column":null}},{"start":{"line":62,"column":42},"end":{"line":62,"column":59}}]},"2":{"loc":{"start":{"line":135,"column":31},"end":{"line":135,"column":null}},"type":"cond-expr","locations":[{"start":{"line":135,"column":48},"end":{"line":135,"column":null}},{"start":{"line":135,"column":48},"end":{"line":135,"column":null}}]},"3":{"loc":{"start":{"line":135,"column":31},"end":{"line":135,"column":48}},"type":"binary-expr","locations":[{"start":{"line":135,"column":31},"end":{"line":135,"column":null}},{"start":{"line":135,"column":31},"end":{"line":135,"column":48}}]},"4":{"loc":{"start":{"line":28,"column":49},"end":{"line":28,"column":68}},"type":"cond-expr","locations":[{"start":{"line":28,"column":65},"end":{"line":28,"column":68}},{"start":{"line":28,"column":65},"end":{"line":28,"column":68}}]},"5":{"loc":{"start":{"line":28,"column":49},"end":{"line":28,"column":65}},"type":"binary-expr","locations":[{"start":{"line":28,"column":49},"end":{"line":28,"column":68}},{"start":{"line":28,"column":49},"end":{"line":28,"column":65}}]}},"s":{"0":1,"1":1,"2":1,"3":1,"4":1,"5":1,"6":1,"7":1,"8":1,"9":2,"10":2,"11":2,"12":2,"13":2,"14":2,"15":1,"16":1,"17":1,"18":1,"19":1,"20":1,"21":1,"22":1,"23":1},"f":{"0":1,"1":1,"2":2,"3":2,"4":2,"5":2,"6":2,"7":2},"b":{"0":[1,0],"1":[1,1],"2":[1,0],"3":[1,1],"4":[1,0],"5":[1,1]}}
,"/home/samuel/Projects/autouni-backend/src/modules/buildings/repository/buildings.repository.ts": {"path":"/home/samuel/Projects/autouni-backend/src/modules/buildings/repository/buildings.repository.ts","statementMap":{"0":{"start":{"line":1,"column":0},"end":{"line":1,"column":44}},"1":{"start":{"line":3,"column":0},"end":{"line":3,"column":54}},"2":{"start":{"line":12,"column":7},"end":{"line":138,"column":null}},"3":{"start":{"line":13,"column":31},"end":{"line":13,"column":39}},"4":{"start":{"line":16,"column":4},"end":{"line":18,"column":7}},"5":{"start":{"line":22,"column":4},"end":{"line":37,"column":7}},"6":{"start":{"line":41,"column":4},"end":{"line":43,"column":7}},"7":{"start":{"line":47,"column":4},"end":{"line":60,"column":7}},"8":{"start":{"line":64,"column":4},"end":{"line":67,"column":7}},"9":{"start":{"line":71,"column":4},"end":{"line":73,"column":7}},"10":{"start":{"line":77,"column":21},"end":{"line":95,"column":6}},"11":{"start":{"line":97,"column":4},"end":{"line":105,"column":5}},"12":{"start":{"line":98,"column":6},"end":{"line":104,"column":8}},"13":{"start":{"line":107,"column":24},"end":{"line":107,"column":46}},"14":{"start":{"line":108,"column":23},"end":{"line":110,"column":null}},"15":{"start":{"line":109,"column":22},"end":{"line":109,"column":46}},"16":{"start":{"line":112,"column":25},"end":{"line":116,"column":null}},"17":{"start":{"line":114,"column":8},"end":{"line":115,"column":79}},"18":{"start":{"line":115,"column":46},"end":{"line":115,"column":75}},"19":{"start":{"line":118,"column":26},"end":{"line":127,"column":null}},"20":{"start":{"line":120,"column":8},"end":{"line":125,"column":null}},"21":{"start":{"line":123,"column":12},"end":{"line":124,"column":64}},"22":{"start":{"line":124,"column":39},"end":{"line":124,"column":56}},"23":{"start":{"line":130,"column":4},"end":{"line":136,"column":6}},"24":{"start":{"line":12,"column":13},"end":{"line":12,"column":32}},"25":{"start":{"line":12,"column":13},"end":{"line":138,"column":null}}},"fnMap":{"0":{"name":"(anonymous_2)","decl":{"start":{"line":13,"column":2},"end":{"line":13,"column":31}},"loc":{"start":{"line":13,"column":52},"end":{"line":13,"column":56}}},"1":{"name":"(anonymous_3)","decl":{"start":{"line":15,"column":2},"end":{"line":15,"column":7}},"loc":{"start":{"line":15,"column":39},"end":{"line":19,"column":3}}},"2":{"name":"(anonymous_4)","decl":{"start":{"line":21,"column":2},"end":{"line":21,"column":7}},"loc":{"start":{"line":21,"column":15},"end":{"line":38,"column":3}}},"3":{"name":"(anonymous_5)","decl":{"start":{"line":40,"column":2},"end":{"line":40,"column":7}},"loc":{"start":{"line":40,"column":27},"end":{"line":44,"column":3}}},"4":{"name":"(anonymous_6)","decl":{"start":{"line":46,"column":2},"end":{"line":46,"column":7}},"loc":{"start":{"line":46,"column":40},"end":{"line":61,"column":3}}},"5":{"name":"(anonymous_7)","decl":{"start":{"line":63,"column":2},"end":{"line":63,"column":7}},"loc":{"start":{"line":63,"column":51},"end":{"line":68,"column":3}}},"6":{"name":"(anonymous_8)","decl":{"start":{"line":70,"column":2},"end":{"line":70,"column":7}},"loc":{"start":{"line":70,"column":25},"end":{"line":74,"column":3}}},"7":{"name":"(anonymous_9)","decl":{"start":{"line":76,"column":2},"end":{"line":76,"column":7}},"loc":{"start":{"line":76,"column":27},"end":{"line":137,"column":3}}},"8":{"name":"(anonymous_10)","decl":{"start":{"line":109,"column":6},"end":{"line":109,"column":7}},"loc":{"start":{"line":109,"column":22},"end":{"line":109,"column":46}}},"9":{"name":"(anonymous_11)","decl":{"start":{"line":113,"column":6},"end":{"line":113,"column":7}},"loc":{"start":{"line":114,"column":8},"end":{"line":115,"column":79}}},"10":{"name":"(anonymous_12)","decl":{"start":{"line":115,"column":27},"end":{"line":115,"column":28}},"loc":{"start":{"line":115,"column":46},"end":{"line":115,"column":75}}},"11":{"name":"(anonymous_13)","decl":{"start":{"line":119,"column":6},"end":{"line":119,"column":7}},"loc":{"start":{"line":120,"column":8},"end":{"line":125,"column":null}}},"12":{"name":"(anonymous_14)","decl":{"start":{"line":122,"column":10},"end":{"line":122,"column":11}},"loc":{"start":{"line":123,"column":12},"end":{"line":124,"column":64}}},"13":{"name":"(anonymous_15)","decl":{"start":{"line":124,"column":32},"end":{"line":124,"column":33}},"loc":{"start":{"line":124,"column":39},"end":{"line":124,"column":56}}}},"branchMap":{"0":{"loc":{"start":{"line":97,"column":4},"end":{"line":105,"column":5}},"type":"if","locations":[{"start":{"line":97,"column":4},"end":{"line":105,"column":5}},{"start":{},"end":{}}]},"1":{"loc":{"start":{"line":134,"column":19},"end":{"line":134,"column":44}},"type":"binary-expr","locations":[{"start":{"line":134,"column":19},"end":{"line":134,"column":39}},{"start":{"line":134,"column":43},"end":{"line":134,"column":44}}]},"2":{"loc":{"start":{"line":13,"column":39},"end":{"line":13,"column":55}},"type":"cond-expr","locations":[{"start":{"line":13,"column":52},"end":{"line":13,"column":55}},{"start":{"line":13,"column":52},"end":{"line":13,"column":55}}]},"3":{"loc":{"start":{"line":13,"column":39},"end":{"line":13,"column":52}},"type":"binary-expr","locations":[{"start":{"line":13,"column":39},"end":{"line":13,"column":55}},{"start":{"line":13,"column":39},"end":{"line":13,"column":52}}]}},"s":{"0":1,"1":1,"2":1,"3":1,"4":1,"5":2,"6":8,"7":2,"8":1,"9":1,"10":1,"11":1,"12":0,"13":1,"14":1,"15":1,"16":1,"17":1,"18":1,"19":1,"20":1,"21":1,"22":2,"23":1,"24":1,"25":1},"f":{"0":1,"1":1,"2":2,"3":8,"4":2,"5":1,"6":1,"7":1,"8":1,"9":1,"10":1,"11":1,"12":1,"13":2},"b":{"0":[0,1],"1":[1,0],"2":[1,0],"3":[1,1]}}
,"/home/samuel/Projects/autouni-backend/src/modules/buildings/service/buildings.service.ts": {"path":"/home/samuel/Projects/autouni-backend/src/modules/buildings/service/buildings.service.ts","statementMap":{"0":{"start":{"line":1,"column":0},"end":{"line":1,"column":63}},"1":{"start":{"line":3,"column":0},"end":{"line":3,"column":73}},"2":{"start":{"line":11,"column":7},"end":{"line":52,"column":null}},"3":{"start":{"line":12,"column":31},"end":{"line":12,"column":52}},"4":{"start":{"line":15,"column":4},"end":{"line":15,"column":49}},"5":{"start":{"line":19,"column":4},"end":{"line":19,"column":46}},"6":{"start":{"line":23,"column":21},"end":{"line":23,"column":64}},"7":{"start":{"line":24,"column":4},"end":{"line":26,"column":5}},"8":{"start":{"line":25,"column":6},"end":{"line":25,"column":70}},"9":{"start":{"line":27,"column":4},"end":{"line":27,"column":20}},"10":{"start":{"line":31,"column":21},"end":{"line":31,"column":77}},"11":{"start":{"line":32,"column":4},"end":{"line":34,"column":5}},"12":{"start":{"line":33,"column":6},"end":{"line":33,"column":70}},"13":{"start":{"line":35,"column":4},"end":{"line":35,"column":20}},"14":{"start":{"line":39,"column":4},"end":{"line":39,"column":28}},"15":{"start":{"line":40,"column":4},"end":{"line":40,"column":53}},"16":{"start":{"line":44,"column":4},"end":{"line":44,"column":28}},"17":{"start":{"line":45,"column":4},"end":{"line":45,"column":47}},"18":{"start":{"line":49,"column":4},"end":{"line":49,"column":28}},"19":{"start":{"line":50,"column":4},"end":{"line":50,"column":49}},"20":{"start":{"line":11,"column":13},"end":{"line":11,"column":29}},"21":{"start":{"line":11,"column":13},"end":{"line":52,"column":null}}},"fnMap":{"0":{"name":"(anonymous_2)","decl":{"start":{"line":12,"column":2},"end":{"line":12,"column":31}},"loc":{"start":{"line":12,"column":71},"end":{"line":12,"column":75}}},"1":{"name":"(anonymous_3)","decl":{"start":{"line":14,"column":2},"end":{"line":14,"column":7}},"loc":{"start":{"line":14,"column":39},"end":{"line":16,"column":3}}},"2":{"name":"(anonymous_4)","decl":{"start":{"line":18,"column":2},"end":{"line":18,"column":7}},"loc":{"start":{"line":18,"column":15},"end":{"line":20,"column":3}}},"3":{"name":"(anonymous_5)","decl":{"start":{"line":22,"column":2},"end":{"line":22,"column":7}},"loc":{"start":{"line":22,"column":27},"end":{"line":28,"column":3}}},"4":{"name":"(anonymous_6)","decl":{"start":{"line":30,"column":2},"end":{"line":30,"column":7}},"loc":{"start":{"line":30,"column":40},"end":{"line":36,"column":3}}},"5":{"name":"(anonymous_7)","decl":{"start":{"line":38,"column":2},"end":{"line":38,"column":7}},"loc":{"start":{"line":38,"column":51},"end":{"line":41,"column":3}}},"6":{"name":"(anonymous_8)","decl":{"start":{"line":43,"column":2},"end":{"line":43,"column":7}},"loc":{"start":{"line":43,"column":25},"end":{"line":46,"column":3}}},"7":{"name":"(anonymous_9)","decl":{"start":{"line":48,"column":2},"end":{"line":48,"column":7}},"loc":{"start":{"line":48,"column":27},"end":{"line":51,"column":3}}}},"branchMap":{"0":{"loc":{"start":{"line":24,"column":4},"end":{"line":26,"column":5}},"type":"if","locations":[{"start":{"line":24,"column":4},"end":{"line":26,"column":5}},{"start":{},"end":{}}]},"1":{"loc":{"start":{"line":32,"column":4},"end":{"line":34,"column":5}},"type":"if","locations":[{"start":{"line":32,"column":4},"end":{"line":34,"column":5}},{"start":{},"end":{}}]},"2":{"loc":{"start":{"line":12,"column":52},"end":{"line":12,"column":74}},"type":"cond-expr","locations":[{"start":{"line":12,"column":71},"end":{"line":12,"column":74}},{"start":{"line":12,"column":71},"end":{"line":12,"column":74}}]},"3":{"loc":{"start":{"line":12,"column":52},"end":{"line":12,"column":71}},"type":"binary-expr","locations":[{"start":{"line":12,"column":52},"end":{"line":12,"column":74}},{"start":{"line":12,"column":52},"end":{"line":12,"column":71}}]}},"s":{"0":1,"1":1,"2":1,"3":1,"4":1,"5":2,"6":8,"7":8,"8":4,"9":4,"10":2,"11":2,"12":1,"13":1,"14":2,"15":1,"16":2,"17":1,"18":2,"19":1,"20":1,"21":1},"f":{"0":1,"1":1,"2":2,"3":8,"4":2,"5":2,"6":2,"7":2},"b":{"0":[4,4],"1":[1,1],"2":[1,0],"3":[1,1]}}
,"/home/samuel/Projects/autouni-backend/src/modules/devices/controller/devices.controller.ts": {"path":"/home/samuel/Projects/autouni-backend/src/modules/devices/controller/devices.controller.ts","statementMap":{"0":{"start":{"line":1,"column":0},"end":{"line":1,"column":null}},"1":{"start":{"line":14,"column":0},"end":{"line":14,"column":null}},"2":{"start":{"line":22,"column":0},"end":{"line":22,"column":60}},"3":{"start":{"line":23,"column":0},"end":{"line":23,"column":59}},"4":{"start":{"line":24,"column":0},"end":{"line":24,"column":59}},"5":{"start":{"line":25,"column":0},"end":{"line":25,"column":63}},"6":{"start":{"line":26,"column":0},"end":{"line":26,"column":55}},"7":{"start":{"line":32,"column":7},"end":{"line":276,"column":null}},"8":{"start":{"line":33,"column":31},"end":{"line":33,"column":47}},"9":{"start":{"line":73,"column":4},"end":{"line":73,"column":55}},"10":{"start":{"line":108,"column":4},"end":{"line":108,"column":41}},"11":{"start":{"line":141,"column":4},"end":{"line":141,"column":48}},"12":{"start":{"line":149,"column":4},"end":{"line":149,"column":52}},"13":{"start":{"line":160,"column":4},"end":{"line":160,"column":52}},"14":{"start":{"line":202,"column":4},"end":{"line":202,"column":44}},"15":{"start":{"line":214,"column":4},"end":{"line":214,"column":59}},"16":{"start":{"line":250,"column":4},"end":{"line":250,"column":56}},"17":{"start":{"line":264,"column":4},"end":{"line":264,"column":62}},"18":{"start":{"line":274,"column":4},"end":{"line":274,"column":41}},"19":{"start":{"line":32,"column":13},"end":{"line":32,"column":30}},"20":{"start":{"line":72,"column":8},"end":{"line":74,"column":null}},"21":{"start":{"line":107,"column":8},"end":{"line":109,"column":null}},"22":{"start":{"line":140,"column":8},"end":{"line":142,"column":null}},"23":{"start":{"line":148,"column":8},"end":{"line":150,"column":null}},"24":{"start":{"line":159,"column":8},"end":{"line":161,"column":null}},"25":{"start":{"line":201,"column":8},"end":{"line":203,"column":null}},"26":{"start":{"line":210,"column":8},"end":{"line":215,"column":null}},"27":{"start":{"line":246,"column":8},"end":{"line":251,"column":null}},"28":{"start":{"line":260,"column":8},"end":{"line":265,"column":null}},"29":{"start":{"line":273,"column":8},"end":{"line":275,"column":null}},"30":{"start":{"line":32,"column":13},"end":{"line":276,"column":null}}},"fnMap":{"0":{"name":"(anonymous_4)","decl":{"start":{"line":33,"column":2},"end":{"line":33,"column":31}},"loc":{"start":{"line":33,"column":61},"end":{"line":33,"column":65}}},"1":{"name":"(anonymous_5)","decl":{"start":{"line":72,"column":8},"end":{"line":72,"column":14}},"loc":{"start":{"line":72,"column":55},"end":{"line":74,"column":3}}},"2":{"name":"(anonymous_6)","decl":{"start":{"line":107,"column":8},"end":{"line":107,"column":15}},"loc":{"start":{"line":107,"column":15},"end":{"line":109,"column":3}}},"3":{"name":"(anonymous_7)","decl":{"start":{"line":140,"column":8},"end":{"line":140,"column":16}},"loc":{"start":{"line":140,"column":16},"end":{"line":142,"column":3}}},"4":{"name":"(anonymous_8)","decl":{"start":{"line":148,"column":8},"end":{"line":148,"column":18}},"loc":{"start":{"line":148,"column":50},"end":{"line":150,"column":3}}},"5":{"name":"(anonymous_9)","decl":{"start":{"line":159,"column":8},"end":{"line":159,"column":20}},"loc":{"start":{"line":159,"column":58},"end":{"line":161,"column":3}}},"6":{"name":"(anonymous_10)","decl":{"start":{"line":201,"column":8},"end":{"line":201,"column":16}},"loc":{"start":{"line":201,"column":40},"end":{"line":203,"column":3}}},"7":{"name":"(anonymous_11)","decl":{"start":{"line":210,"column":8},"end":{"line":210,"column":14}},"loc":{"start":{"line":212,"column":44},"end":{"line":215,"column":3}}},"8":{"name":"(anonymous_12)","decl":{"start":{"line":246,"column":8},"end":{"line":246,"column":20}},"loc":{"start":{"line":248,"column":40},"end":{"line":251,"column":3}}},"9":{"name":"(anonymous_13)","decl":{"start":{"line":260,"column":8},"end":{"line":260,"column":26}},"loc":{"start":{"line":262,"column":35},"end":{"line":265,"column":3}}},"10":{"name":"(anonymous_14)","decl":{"start":{"line":273,"column":8},"end":{"line":273,"column":14}},"loc":{"start":{"line":273,"column":38},"end":{"line":275,"column":3}}}},"branchMap":{"0":{"loc":{"start":{"line":72,"column":40},"end":{"line":72,"column":null}},"type":"cond-expr","locations":[{"start":{"line":72,"column":55},"end":{"line":72,"column":null}},{"start":{"line":72,"column":55},"end":{"line":72,"column":null}}]},"1":{"loc":{"start":{"line":72,"column":40},"end":{"line":72,"column":55}},"type":"binary-expr","locations":[{"start":{"line":72,"column":40},"end":{"line":72,"column":null}},{"start":{"line":72,"column":40},"end":{"line":72,"column":55}}]},"2":{"loc":{"start":{"line":159,"column":46},"end":{"line":159,"column":null}},"type":"cond-expr","locations":[{"start":{"line":159,"column":58},"end":{"line":159,"column":null}},{"start":{"line":159,"column":58},"end":{"line":159,"column":null}}]},"3":{"loc":{"start":{"line":159,"column":46},"end":{"line":159,"column":58}},"type":"binary-expr","locations":[{"start":{"line":159,"column":46},"end":{"line":159,"column":null}},{"start":{"line":159,"column":46},"end":{"line":159,"column":58}}]},"4":{"loc":{"start":{"line":212,"column":29},"end":{"line":212,"column":null}},"type":"cond-expr","locations":[{"start":{"line":212,"column":44},"end":{"line":212,"column":null}},{"start":{"line":212,"column":44},"end":{"line":212,"column":null}}]},"5":{"loc":{"start":{"line":212,"column":29},"end":{"line":212,"column":44}},"type":"binary-expr","locations":[{"start":{"line":212,"column":29},"end":{"line":212,"column":null}},{"start":{"line":212,"column":29},"end":{"line":212,"column":44}}]},"6":{"loc":{"start":{"line":248,"column":28},"end":{"line":248,"column":null}},"type":"cond-expr","locations":[{"start":{"line":248,"column":40},"end":{"line":248,"column":null}},{"start":{"line":248,"column":40},"end":{"line":248,"column":null}}]},"7":{"loc":{"start":{"line":248,"column":28},"end":{"line":248,"column":40}},"type":"binary-expr","locations":[{"start":{"line":248,"column":28},"end":{"line":248,"column":null}},{"start":{"line":248,"column":28},"end":{"line":248,"column":40}}]},"8":{"loc":{"start":{"line":33,"column":47},"end":{"line":33,"column":64}},"type":"cond-expr","locations":[{"start":{"line":33,"column":61},"end":{"line":33,"column":64}},{"start":{"line":33,"column":61},"end":{"line":33,"column":64}}]},"9":{"loc":{"start":{"line":33,"column":47},"end":{"line":33,"column":61}},"type":"binary-expr","locations":[{"start":{"line":33,"column":47},"end":{"line":33,"column":64}},{"start":{"line":33,"column":47},"end":{"line":33,"column":61}}]}},"s":{"0":1,"1":1,"2":1,"3":1,"4":1,"5":1,"6":1,"7":1,"8":1,"9":1,"10":1,"11":1,"12":1,"13":1,"14":2,"15":2,"16":2,"17":1,"18":2,"19":1,"20":1,"21":1,"22":1,"23":1,"24":1,"25":1,"26":1,"27":1,"28":1,"29":1,"30":1},"f":{"0":1,"1":1,"2":1,"3":1,"4":1,"5":1,"6":2,"7":2,"8":2,"9":1,"10":2},"b":{"0":[1,0],"1":[1,1],"2":[0,1],"3":[1,1],"4":[1,0],"5":[1,1],"6":[0,1],"7":[1,1],"8":[1,0],"9":[1,1]}}
,"/home/samuel/Projects/autouni-backend/src/modules/devices/repository/devices.repository.ts": {"path":"/home/samuel/Projects/autouni-backend/src/modules/devices/repository/devices.repository.ts","statementMap":{"0":{"start":{"line":1,"column":0},"end":{"line":1,"column":63}},"1":{"start":{"line":3,"column":0},"end":{"line":3,"column":66}},"2":{"start":{"line":9,"column":7},"end":{"line":165,"column":null}},"3":{"start":{"line":10,"column":31},"end":{"line":10,"column":39}},"4":{"start":{"line":13,"column":36},"end":{"line":13,"column":40}},"5":{"start":{"line":15,"column":4},"end":{"line":31,"column":7}},"6":{"start":{"line":35,"column":4},"end":{"line":50,"column":7}},"7":{"start":{"line":54,"column":4},"end":{"line":73,"column":7}},"8":{"start":{"line":77,"column":4},"end":{"line":85,"column":7}},"9":{"start":{"line":89,"column":4},"end":{"line":102,"column":7}},"10":{"start":{"line":106,"column":19},"end":{"line":106,"column":73}},"11":{"start":{"line":108,"column":4},"end":{"line":110,"column":5}},"12":{"start":{"line":109,"column":6},"end":{"line":109,"column":68}},"13":{"start":{"line":112,"column":36},"end":{"line":112,"column":40}},"14":{"start":{"line":114,"column":4},"end":{"line":131,"column":7}},"15":{"start":{"line":135,"column":19},"end":{"line":135,"column":73}},"16":{"start":{"line":137,"column":4},"end":{"line":139,"column":5}},"17":{"start":{"line":138,"column":6},"end":{"line":138,"column":68}},"18":{"start":{"line":141,"column":4},"end":{"line":143,"column":7}},"19":{"start":{"line":147,"column":4},"end":{"line":153,"column":7}},"20":{"start":{"line":157,"column":4},"end":{"line":163,"column":7}},"21":{"start":{"line":9,"column":13},"end":{"line":9,"column":30}},"22":{"start":{"line":9,"column":13},"end":{"line":165,"column":null}}},"fnMap":{"0":{"name":"(anonymous_2)","decl":{"start":{"line":10,"column":2},"end":{"line":10,"column":31}},"loc":{"start":{"line":10,"column":52},"end":{"line":10,"column":56}}},"1":{"name":"(anonymous_3)","decl":{"start":{"line":12,"column":2},"end":{"line":12,"column":7}},"loc":{"start":{"line":12,"column":36},"end":{"line":32,"column":3}}},"2":{"name":"(anonymous_4)","decl":{"start":{"line":34,"column":2},"end":{"line":34,"column":7}},"loc":{"start":{"line":34,"column":15},"end":{"line":51,"column":3}}},"3":{"name":"(anonymous_5)","decl":{"start":{"line":53,"column":2},"end":{"line":53,"column":7}},"loc":{"start":{"line":53,"column":27},"end":{"line":74,"column":3}}},"4":{"name":"(anonymous_6)","decl":{"start":{"line":76,"column":2},"end":{"line":76,"column":7}},"loc":{"start":{"line":76,"column":35},"end":{"line":86,"column":3}}},"5":{"name":"(anonymous_7)","decl":{"start":{"line":88,"column":2},"end":{"line":88,"column":7}},"loc":{"start":{"line":88,"column":41},"end":{"line":103,"column":3}}},"6":{"name":"(anonymous_8)","decl":{"start":{"line":105,"column":2},"end":{"line":105,"column":7}},"loc":{"start":{"line":105,"column":48},"end":{"line":132,"column":3}}},"7":{"name":"(anonymous_9)","decl":{"start":{"line":134,"column":2},"end":{"line":134,"column":7}},"loc":{"start":{"line":134,"column":25},"end":{"line":144,"column":3}}},"8":{"name":"(anonymous_10)","decl":{"start":{"line":146,"column":2},"end":{"line":146,"column":7}},"loc":{"start":{"line":146,"column":53},"end":{"line":154,"column":3}}},"9":{"name":"(anonymous_11)","decl":{"start":{"line":156,"column":2},"end":{"line":156,"column":7}},"loc":{"start":{"line":156,"column":54},"end":{"line":164,"column":3}}}},"branchMap":{"0":{"loc":{"start":{"line":108,"column":4},"end":{"line":110,"column":5}},"type":"if","locations":[{"start":{"line":108,"column":4},"end":{"line":110,"column":5}},{"start":{},"end":{}}]},"1":{"loc":{"start":{"line":118,"column":16},"end":{"line":118,"column":77}},"type":"cond-expr","locations":[{"start":{"line":118,"column":31},"end":{"line":118,"column":65}},{"start":{"line":118,"column":68},"end":{"line":118,"column":77}}]},"2":{"loc":{"start":{"line":137,"column":4},"end":{"line":139,"column":5}},"type":"if","locations":[{"start":{"line":137,"column":4},"end":{"line":139,"column":5}},{"start":{},"end":{}}]},"3":{"loc":{"start":{"line":10,"column":39},"end":{"line":10,"column":55}},"type":"cond-expr","locations":[{"start":{"line":10,"column":52},"end":{"line":10,"column":55}},{"start":{"line":10,"column":52},"end":{"line":10,"column":55}}]},"4":{"loc":{"start":{"line":10,"column":39},"end":{"line":10,"column":52}},"type":"binary-expr","locations":[{"start":{"line":10,"column":39},"end":{"line":10,"column":55}},{"start":{"line":10,"column":39},"end":{"line":10,"column":52}}]}},"s":{"0":1,"1":1,"2":1,"3":1,"4":1,"5":1,"6":2,"7":9,"8":1,"9":1,"10":1,"11":1,"12":0,"13":1,"14":1,"15":1,"16":1,"17":0,"18":1,"19":1,"20":1,"21":1,"22":1},"f":{"0":1,"1":1,"2":2,"3":9,"4":1,"5":1,"6":1,"7":1,"8":1,"9":1},"b":{"0":[0,1],"1":[0,1],"2":[0,1],"3":[1,0],"4":[1,1]}}
,"/home/samuel/Projects/autouni-backend/src/modules/devices/service/devices.service.ts": {"path":"/home/samuel/Projects/autouni-backend/src/modules/devices/service/devices.service.ts","statementMap":{"0":{"start":{"line":1,"column":0},"end":{"line":1,"column":84}},"1":{"start":{"line":3,"column":0},"end":{"line":3,"column":69}},"2":{"start":{"line":9,"column":7},"end":{"line":94,"column":null}},"3":{"start":{"line":10,"column":31},"end":{"line":10,"column":50}},"4":{"start":{"line":13,"column":4},"end":{"line":20,"column":5}},"5":{"start":{"line":14,"column":6},"end":{"line":14,"column":66}},"6":{"start":{"line":16,"column":6},"end":{"line":18,"column":7}},"7":{"start":{"line":17,"column":8},"end":{"line":17,"column":74}},"8":{"start":{"line":19,"column":6},"end":{"line":19,"column":18}},"9":{"start":{"line":24,"column":4},"end":{"line":24,"column":44}},"10":{"start":{"line":28,"column":19},"end":{"line":28,"column":60}},"11":{"start":{"line":30,"column":4},"end":{"line":32,"column":5}},"12":{"start":{"line":31,"column":6},"end":{"line":31,"column":68}},"13":{"start":{"line":34,"column":4},"end":{"line":34,"column":18}},"14":{"start":{"line":38,"column":4},"end":{"line":38,"column":55}},"15":{"start":{"line":42,"column":4},"end":{"line":42,"column":55}},"16":{"start":{"line":46,"column":4},"end":{"line":46,"column":28}},"17":{"start":{"line":48,"column":4},"end":{"line":55,"column":5}},"18":{"start":{"line":49,"column":6},"end":{"line":49,"column":70}},"19":{"start":{"line":51,"column":6},"end":{"line":53,"column":7}},"20":{"start":{"line":52,"column":8},"end":{"line":52,"column":74}},"21":{"start":{"line":54,"column":6},"end":{"line":54,"column":18}},"22":{"start":{"line":59,"column":4},"end":{"line":59,"column":28}},"23":{"start":{"line":60,"column":4},"end":{"line":60,"column":45}},"24":{"start":{"line":64,"column":4},"end":{"line":64,"column":28}},"25":{"start":{"line":65,"column":4},"end":{"line":65,"column":59}},"26":{"start":{"line":69,"column":4},"end":{"line":69,"column":28}},"27":{"start":{"line":70,"column":4},"end":{"line":70,"column":65}},"28":{"start":{"line":74,"column":20},"end":{"line":74,"column":40}},"29":{"start":{"line":75,"column":16},"end":{"line":75,"column":26}},"30":{"start":{"line":76,"column":27},"end":{"line":76,"column":66}},"31":{"start":{"line":78,"column":4},"end":{"line":92,"column":6}},"32":{"start":{"line":80,"column":34},"end":{"line":80,"column":75}},"33":{"start":{"line":81,"column":35},"end":{"line":81,"column":78}},"34":{"start":{"line":83,"column":32},"end":{"line":83,"column":49}},"35":{"start":{"line":84,"column":33},"end":{"line":84,"column":51}},"36":{"start":{"line":85,"column":37},"end":{"line":85,"column":59}},"37":{"start":{"line":86,"column":35},"end":{"line":86,"column":55}},"38":{"start":{"line":89,"column":8},"end":{"line":89,"column":55}},"39":{"start":{"line":90,"column":8},"end":{"line":90,"column":19}},"40":{"start":{"line":9,"column":13},"end":{"line":9,"column":27}},"41":{"start":{"line":9,"column":13},"end":{"line":94,"column":null}}},"fnMap":{"0":{"name":"(anonymous_2)","decl":{"start":{"line":10,"column":2},"end":{"line":10,"column":31}},"loc":{"start":{"line":10,"column":67},"end":{"line":10,"column":71}}},"1":{"name":"(anonymous_3)","decl":{"start":{"line":12,"c
[...]
ne":27,"column":69}},"11":{"start":{"line":28,"column":4},"end":{"line":30,"column":5}},"12":{"start":{"line":29,"column":6},"end":{"line":29,"column":66}},"13":{"start":{"line":31,"column":4},"end":{"line":31,"column":16}},"14":{"start":{"line":35,"column":4},"end":{"line":35,"column":53}},"15":{"start":{"line":39,"column":4},"end":{"line":39,"column":49}},"16":{"start":{"line":43,"column":4},"end":{"line":43,"column":28}},"17":{"start":{"line":44,"column":4},"end":{"line":44,"column":49}},"18":{"start":{"line":48,"column":4},"end":{"line":48,"column":28}},"19":{"start":{"line":49,"column":4},"end":{"line":49,"column":43}},"20":{"start":{"line":7,"column":13},"end":{"line":7,"column":25}},"21":{"start":{"line":7,"column":13},"end":{"line":51,"column":null}}},"fnMap":{"0":{"name":"(anonymous_2)","decl":{"start":{"line":8,"column":2},"end":{"line":8,"column":31}},"loc":{"start":{"line":8,"column":63},"end":{"line":8,"column":67}}},"1":{"name":"(anonymous_3)","decl":{"start":{"line":10,"column":2},"end":{"line":10,"column":7}},"loc":{"start":{"line":10,"column":35},"end":{"line":12,"column":3}}},"2":{"name":"(anonymous_4)","decl":{"start":{"line":14,"column":2},"end":{"line":14,"column":7}},"loc":{"start":{"line":14,"column":15},"end":{"line":16,"column":3}}},"3":{"name":"(anonymous_5)","decl":{"start":{"line":18,"column":2},"end":{"line":18,"column":7}},"loc":{"start":{"line":18,"column":27},"end":{"line":24,"column":3}}},"4":{"name":"(anonymous_6)","decl":{"start":{"line":26,"column":2},"end":{"line":26,"column":7}},"loc":{"start":{"line":26,"column":40},"end":{"line":32,"column":3}}},"5":{"name":"(anonymous_7)","decl":{"start":{"line":34,"column":2},"end":{"line":34,"column":7}},"loc":{"start":{"line":34,"column":35},"end":{"line":36,"column":3}}},"6":{"name":"(anonymous_8)","decl":{"start":{"line":38,"column":2},"end":{"line":38,"column":7}},"loc":{"start":{"line":38,"column":33},"end":{"line":40,"column":3}}},"7":{"name":"(anonymous_9)","decl":{"start":{"line":42,"column":2},"end":{"line":42,"column":7}},"loc":{"start":{"line":42,"column":47},"end":{"line":45,"column":3}}},"8":{"name":"(anonymous_10)","decl":{"start":{"line":47,"column":2},"end":{"line":47,"column":7}},"loc":{"start":{"line":47,"column":25},"end":{"line":50,"column":3}}}},"branchMap":{"0":{"loc":{"start":{"line":20,"column":4},"end":{"line":22,"column":5}},"type":"if","locations":[{"start":{"line":20,"column":4},"end":{"line":22,"column":5}},{"start":{},"end":{}}]},"1":{"loc":{"start":{"line":28,"column":4},"end":{"line":30,"column":5}},"type":"if","locations":[{"start":{"line":28,"column":4},"end":{"line":30,"column":5}},{"start":{},"end":{}}]},"2":{"loc":{"start":{"line":8,"column":48},"end":{"line":8,"column":66}},"type":"cond-expr","locations":[{"start":{"line":8,"column":63},"end":{"line":8,"column":66}},{"start":{"line":8,"column":63},"end":{"line":8,"column":66}}]},"3":{"loc":{"start":{"line":8,"column":48},"end":{"line":8,"column":63}},"type":"binary-expr","locations":[{"start":{"line":8,"column":48},"end":{"line":8,"column":66}},{"start":{"line":8,"column":48},"end":{"line":8,"column":63}}]}},"s":{"0":1,"1":1,"2":1,"3":1,"4":1,"5":1,"6":6,"7":6,"8":3,"9":3,"10":2,"11":2,"12":1,"13":1,"14":1,"15":1,"16":2,"17":1,"18":2,"19":1,"20":1,"21":1},"f":{"0":1,"1":1,"2":1,"3":6,"4":2,"5":1,"6":1,"7":2,"8":2},"b":{"0":[3,3],"1":[1,1],"2":[1,0],"3":[1,1]}}
,"/home/samuel/Projects/autouni-backend/src/modules/user/controller/user.controller.ts": {"path":"/home/samuel/Projects/autouni-backend/src/modules/user/controller/user.controller.ts","statementMap":{"0":{"start":{"line":1,"column":0},"end":{"line":1,"column":null}},"1":{"start":{"line":11,"column":0},"end":{"line":11,"column":94}},"2":{"start":{"line":12,"column":0},"end":{"line":12,"column":54}},"3":{"start":{"line":13,"column":0},"end":{"line":13,"column":55}},"4":{"start":{"line":14,"column":0},"end":{"line":14,"column":55}},"5":{"start":{"line":15,"column":0},"end":{"line":15,"column":50}},"6":{"start":{"line":21,"column":7},"end":{"line":197,"column":null}},"7":{"start":{"line":22,"column":31},"end":{"line":22,"column":40}},"8":{"start":{"line":56,"column":4},"end":{"line":56,"column":37}},"9":{"start":{"line":91,"column":4},"end":{"line":91,"column":34}},"10":{"start":{"line":127,"column":4},"end":{"line":127,"column":36}},"11":{"start":{"line":162,"column":4},"end":{"line":162,"column":40}},"12":{"start":{"line":195,"column":4},"end":{"line":195,"column":35}},"13":{"start":{"line":21,"column":13},"end":{"line":21,"column":27}},"14":{"start":{"line":55,"column":2},"end":{"line":57,"column":null}},"15":{"start":{"line":90,"column":2},"end":{"line":92,"column":null}},"16":{"start":{"line":126,"column":2},"end":{"line":128,"column":null}},"17":{"start":{"line":161,"column":2},"end":{"line":163,"column":null}},"18":{"start":{"line":194,"column":2},"end":{"line":196,"column":null}},"19":{"start":{"line":21,"column":13},"end":{"line":197,"column":null}}},"fnMap":{"0":{"name":"(anonymous_4)","decl":{"start":{"line":22,"column":2},"end":{"line":22,"column":31}},"loc":{"start":{"line":22,"column":51},"end":{"line":22,"column":55}}},"1":{"name":"(anonymous_5)","decl":{"start":{"line":55,"column":2},"end":{"line":55,"column":8}},"loc":{"start":{"line":55,"column":36},"end":{"line":57,"column":3}}},"2":{"name":"(anonymous_6)","decl":{"start":{"line":90,"column":2},"end":{"line":90,"column":9}},"loc":{"start":{"line":90,"column":9},"end":{"line":92,"column":3}}},"3":{"name":"(anonymous_7)","decl":{"start":{"line":126,"column":2},"end":{"line":126,"column":9}},"loc":{"start":{"line":126,"column":33},"end":{"line":128,"column":3}}},"4":{"name":"(anonymous_8)","decl":{"start":{"line":161,"column":2},"end":{"line":161,"column":8}},"loc":{"start":{"line":161,"column":60},"end":{"line":163,"column":3}}},"5":{"name":"(anonymous_9)","decl":{"start":{"line":194,"column":2},"end":{"line":194,"column":8}},"loc":{"start":{"line":194,"column":32},"end":{"line":196,"column":3}}}},"branchMap":{"0":{"loc":{"start":{"line":55,"column":23},"end":{"line":55,"column":null}},"type":"cond-expr","locations":[{"start":{"line":55,"column":36},"end":{"line":55,"column":null}},{"start":{"line":55,"column":36},"end":{"line":55,"column":null}}]},"1":{"loc":{"start":{"line":55,"column":23},"end":{"line":55,"column":36}},"type":"binary-expr","locations":[{"start":{"line":55,"column":23},"end":{"line":55,"column":null}},{"start":{"line":55,"column":23},"end":{"line":55,"column":36}}]},"2":{"loc":{"start":{"line":161,"column":47},"end":{"line":161,"column":null}},"type":"cond-expr","locations":[{"start":{"line":161,"column":60},"end":{"line":161,"column":null}},{"start":{"line":161,"column":60},"end":{"line":161,"column":null}}]},"3":{"loc":{"start":{"line":161,"column":47},"end":{"line":161,"column":60}},"type":"binary-expr","locations":[{"start":{"line":161,"column":47},"end":{"line":161,"column":null}},{"start":{"line":161,"column":47},"end":{"line":161,"column":60}}]},"4":{"loc":{"start":{"line":22,"column":40},"end":{"line":22,"column":54}},"type":"cond-expr","locations":[{"start":{"line":22,"column":51},"end":{"line":22,"column":54}},{"start":{"line":22,"column":51},"end":{"line":22,"column":54}}]},"5":{"loc":{"start":{"line":22,"column":40},"end":{"line":22,"column":51}},"type":"binary-expr","locations":[{"start":{"line":22,"column":40},"end":{"line":22,"column":54}},{"start":{"line":22,"column":40},"end":{"line":22,"column":51}}]}},"s":{"0":1,"1":1,"2":1,"3":1,"4":1,"5":1,"6":1,"7":1,"8":5,"9":1,"10":2,"11":4,"12":2,"13":1,"14":1,"15":1,"16":1,"17":1,"18":1,"19":1},"f":{"0":1,"1":5,"2":1,"3":2,"4":4,"5":2},"b":{"0":[1,0],"1":[1,1],"2":[1,0],"3":[1,1],"4":[1,0],"5":[1,1]}}
,"/home/samuel/Projects/autouni-backend/src/modules/user/repository/prisma-user.repository.ts": {"path":"/home/samuel/Projects/autouni-backend/src/modules/user/repository/prisma-user.repository.ts","statementMap":{"0":{"start":{"line":1,"column":0},"end":{"line":1,"column":44}},"1":{"start":{"line":2,"column":0},"end":{"line":2,"column":66}},"2":{"start":{"line":3,"column":0},"end":{"line":3,"column":73}},"3":{"start":{"line":9,"column":7},"end":{"line":52,"column":null}},"4":{"start":{"line":10,"column":22},"end":{"line":10,"column":30}},"5":{"start":{"line":13,"column":4},"end":{"line":13,"column":45}},"6":{"start":{"line":17,"column":4},"end":{"line":17,"column":39}},"7":{"start":{"line":21,"column":4},"end":{"line":21,"column":58}},"8":{"start":{"line":25,"column":4},"end":{"line":25,"column":61}},"9":{"start":{"line":29,"column":4},"end":{"line":29,"column":59}},"10":{"start":{"line":33,"column":4},"end":{"line":33,"column":60}},"11":{"start":{"line":37,"column":4},"end":{"line":37,"column":54}},"12":{"start":{"line":41,"column":17},"end":{"line":41,"column":69}},"13":{"start":{"line":42,"column":4},"end":{"line":42,"column":41}},"14":{"start":{"line":46,"column":4},"end":{"line":50,"column":7}},"15":{"start":{"line":9,"column":13},"end":{"line":9,"column":33}},"16":{"start":{"line":9,"column":13},"end":{"line":52,"column":null}}},"fnMap":{"0":{"name":"(anonymous_2)","decl":{"start":{"line":10,"column":2},"end":{"line":10,"column":22}},"loc":{"start":{"line":10,"column":43},"end":{"line":10,"column":47}}},"1":{"name":"(anonymous_3)","decl":{"start":{"line":12,"column":2},"end":{"line":12,"column":7}},"loc":{"start":{"line":12,"column":34},"end":{"line":14,"column":3}}},"2":{"name":"(anonymous_4)","decl":{"start":{"line":16,"column":2},"end":{"line":16,"column":7}},"loc":{"start":{"line":16,"column":15},"end":{"line":18,"column":3}}},"3":{"name":"(anonymous_5)","decl":{"start":{"line":20,"column":2},"end":{"line":20,"column":7}},"loc":{"start":{"line":20,"column":27},"end":{"line":22,"column":3}}},"4":{"name":"(anonymous_6)","decl":{"start":{"line":24,"column":2},"end":{"line":24,"column":7}},"loc":{"start":{"line":24,"column":33},"end":{"line":26,"column":3}}},"5":{"name":"(anonymous_7)","decl":{"start":{"line":28,"column":2},"end":{"line":28,"column":7}},"loc":{"start":{"line":28,"column":29},"end":{"line":30,"column":3}}},"6":{"name":"(anonymous_8)","decl":{"start":{"line":32,"column":2},"end":{"line":32,"column":7}},"loc":{"start":{"line":32,"column":46},"end":{"line":34,"column":3}}},"7":{"name":"(anonymous_9)","decl":{"start":{"line":36,"column":2},"end":{"line":36,"column":7}},"loc":{"start":{"line":36,"column":25},"end":{"line":38,"column":3}}},"8":{"name":"(anonymous_10)","decl":{"start":{"line":40,"column":2},"end":{"line":40,"column":7}},"loc":{"start":{"line":40,"column":26},"end":{"line":43,"column":3}}},"9":{"name":"(anonymous_11)","decl":{"start":{"line":45,"column":2},"end":{"line":45,"column":7}},"loc":{"start":{"line":45,"column":18},"end":{"line":51,"column":3}}}},"branchMap":{"0":{"loc":{"start":{"line":10,"column":30},"end":{"line":10,"column":46}},"type":"cond-expr","locations":[{"start":{"line":10,"column":43},"end":{"line":10,"column":46}},{"start":{"line":10,"column":43},"end":{"line":10,"column":46}}]},"1":{"loc":{"start":{"line":10,"column":30},"end":{"line":10,"column":43}},"type":"binary-expr","locations":[{"start":{"line":10,"column":30},"end":{"line":10,"column":46}},{"start":{"line":10,"column":30},"end":{"line":10,"column":43}}]}},"s":{"0":1,"1":1,"2":1,"3":1,"4":1,"5":3,"6":1,"7":8,"8":5,"9":1,"10":2,"11":1,"12":3,"13":3,"14":1,"15":1,"16":1},"f":{"0":1,"1":3,"2":1,"3":8,"4":5,"5":1,"6":2,"7":1,"8":3,"9":1},"b":{"0":[1,0],"1":[1,1]}}
,"/home/samuel/Projects/autouni-backend/src/modules/user/service/user.service.ts": {"path":"/home/samuel/Projects/autouni-backend/src/modules/user/service/user.service.ts","statementMap":{"0":{"start":{"line":1,"column":0},"end":{"line":1,"column":null}},"1":{"start":{"line":6,"column":0},"end":{"line":6,"column":76}},"2":{"start":{"line":7,"column":0},"end":{"line":7,"column":56}},"3":{"start":{"line":10,"column":0},"end":{"line":10,"column":55}},"4":{"start":{"line":13,"column":7},"end":{"line":74,"column":null}},"5":{"start":{"line":14,"column":22},"end":{"line":14,"column":32}},"6":{"start":{"line":17,"column":4},"end":{"line":21,"column":5}},"7":{"start":{"line":18,"column":6},"end":{"line":20,"column":8}},"8":{"start":{"line":23,"column":4},"end":{"line":25,"column":5}},"9":{"start":{"line":24,"column":6},"end":{"line":24,"column":56}},"10":{"start":{"line":27,"column":19},"end":{"line":27,"column":62}},"11":{"start":{"line":28,"column":4},"end":{"line":28,"column":69}},"12":{"start":{"line":28,"column":16},"end":{"line":28,"column":69}},"13":{"start":{"line":30,"column":4},"end":{"line":30,"column":38}},"14":{"start":{"line":34,"column":4},"end":{"line":34,"column":35}},"15":{"start":{"line":38,"column":17},"end":{"line":38,"column":49}},"16":{"start":{"line":39,"column":4},"end":{"line":39,"column":69}},"17":{"start":{"line":39,"column":15},"end":{"line":39,"column":69}},"18":{"start":{"line":40,"column":4},"end":{"line":40,"column":16}},"19":{"start":{"line":44,"column":4},"end":{"line":44,"column":44}},"20":{"start":{"line":48,"column":17},"end":{"line":48,"column":49}},"21":{"start":{"line":49,"column":4},"end":{"line":49,"column":69}},"22":{"start":{"line":49,"column":15},"end":{"line":49,"column":69}},"23":{"start":{"line":51,"column":4},"end":{"line":55,"column":5}},"24":{"start":{"line":52,"column":6},"end":{"line":54,"column":8}},"25":{"start":{"line":57,"column":4},"end":{"line":59,"column":5}},"26":{"start":{"line":58,"column":6},"end":{"line":58,"column":56}},"27":{"start":{"line":61,"column":4},"end":{"line":61,"column":42}},"28":{"start":{"line":65,"column":17},"end":{"line":65,"column":49}},"29":{"start":{"line":66,"column":4},"end":{"line":66,"column":69}},"30":{"start":{"line":66,"column":15},"end":{"line":66,"column":69}},"31":{"start":{"line":67,"column":4},"end":{"line":67,"column":36}},"32":{"start":{"line":71,"column":19},"end":{"line":71,"column":51}},"33":{"start":{"line":72,"column":4},"end":{"line":72,"column":46}},"34":{"start":{"line":72,"column":33},"end":{"line":72,"column":44}},"35":{"start":{"line":13,"column":13},"end":{"line":13,"column":24}},"36":{"start":{"line":13,"column":13},"end":{"line":74,"column":null}}},"fnMap":{"0":{"name":"(anonymous_2)","decl":{"start":{"line":14,"column":2},"end":{"line":14,"column":22}},"loc":{"start":{"line":14,"column":52},"end":{"line":14,"column":56}}},"1":{"name":"(anonymous_3)","decl":{"start":{"line":16,"column":2},"end":{"line":16,"column":7}},"loc":{"start":{"line":16,"column":34},"end":{"line":31,"column":3}}},"2":{"name":"(anonymous_4)","decl":{"start":{"line":33,"column":2},"end":{"line":33,"column":7}},"loc":{"start":{"line":33,"column":15},"end":{"line":35,"column":3}}},"3":{"name":"(anonymous_5)","decl":{"start":{"line":37,"column":2},"end":{"line":37,"column":7}},"loc":{"start":{"line":37,"column":26},"end":{"line":41,"column":3}}},"4":{"name":"(anonymous_6)","decl":{"start":{"line":43,"column":2},"end":{"line":43,"column":7}},"loc":{"start":{"line":43,"column":33},"end":{"line":45,"column":3}}},"5":{"name":"(anonymous_7)","decl":{"start":{"line":47,"column":2},"end":{"line":47,"column":7}},"loc":{"start":{"line":47,"column":46},"end":{"line":62,"column":3}}},"6":{"name":"(anonymous_8)","decl":{"start":{"line":64,"column":2},"end":{"line":64,"column":7}},"loc":{"start":{"line":64,"column":25},"end":{"line":68,"column":3}}},"7":{"name":"(anonymous_9)","decl":{"start":{"line":70,"column":2},"end":{"line":70,"column":7}},"loc":{"start":{"line":70,"column":22},"end":{"line":73,"column":3}}},"8":{"name":"(anonymous_10)","decl":{"start":{"line":72,"column":22},"end":{"line":72,"column":23}},"loc":{"start":{"line":72,"column":33},"end":{"line":72,"column":44}}}},"branchMap":{"0":{"loc":{"start":{"line":17,"column":4},"end":{"line":21,"column":5}},"type":"if","locations":[{"start":{"line":17,"column":4},"end":{"line":21,"column":5}},{"start":{},"end":{}}]},"1":{"loc":{"start":{"line":17,"column":8},"end":{"line":17,"column":54}},"type":"binary-expr","locations":[{"start":{"line":17,"column":8},"end":{"line":17,"column":36}},{"start":{"line":17,"column":40},"end":{"line":17,"column":54}}]},"2":{"loc":{"start":{"line":23,"column":4},"end":{"line":25,"column":5}},"type":"if","locations":[{"start":{"line":23,"column":4},"end":{"line":25,"column":5}},{"start":{},"end":{}}]},"3":{"loc":{"start":{"line":23,"column":8},"end":{"line":23,"column":69}},"type":"binary-expr","locations":[{"start":{"line":23,"column":8},"end":{"line":23,"column":41}},{"start":{"line":23,"column":45},"end":{"line":23,"column":69}}]},"4":{"loc":{"start":{"line":28,"column":4},"end":{"line":28,"column":69}},"type":"if","locations":[{"start":{"line":28,"column":4},"end":{"line":28,"column":69}},{"start":{},"end":{}}]},"5":{"loc":{"start":{"line":39,"column":4},"end":{"line":39,"column":69}},"type":"if","locations":[{"start":{"line":39,"column":4},"end":{"line":39,"column":69}},{"start":{},"end":{}}]},"6":{"loc":{"start":{"line":49,"column":4},"end":{"line":49,"column":69}},"type":"if","locations":[{"start":{"line":49,"column":4},"end":{"line":49,"column":69}},{"start":{},"end":{}}]},"7":{"loc":{"start":{"line":51,"column":4},"end":{"line":55,"column":5}},"type":"if","locations":[{"start":{"line":51,"column":4},"end":{"line":55,"column":5}},{"start":{},"end":{}}]},"8":{"loc":{"start":{"line":51,"column":8},"end":{"line":51,"column":72}},"type":"binary-expr","locations":[{"start":{"line":51,"column":8},"end":{"line":51,"column":36}},{"start":{"line":51,"column":40},"end":{"line":51,"column":54}},{"start":{"line":51,"column":58},"end":{"line":51,"column":72}}]},"9":{"loc":{"start":{"line":57,"column":4},"end":{"line":59,"column":5}},"type":"if","locations":[{"start":{"line":57,"column":4},"end":{"line":59,"column":5}},{"start":{},"end":{}}]},"10":{"loc":{"start":{"line":66,"column":4},"end":{"line":66,"column":69}},"type":"if","locations":[{"start":{"line":66,"column":4},"end":{"line":66,"column":69}},{"start":{},"end":{}}]},"11":{"loc":{"start":{"line":14,"column":32},"end":{"line":14,"column":55}},"type":"cond-expr","locations":[{"start":{"line":14,"column":52},"end":{"line":14,"column":55}},{"start":{"line":14,"column":52},"end":{"line":14,"column":55}}]},"12":{"loc":{"start":{"line":14,"column":32},"end":{"line":14,"column":52}},"type":"binary-expr","locations":[{"start":{"line":14,"column":32},"end":{"line":14,"column":55}},{"start":{"line":14,"column":32},"end":{"line":14,"column":52}}]}},"s":{"0":1,"1":1,"2":1,"3":1,"4":1,"5":1,"6":5,"7":1,"8":4,"9":2,"10":4,"11":4,"12":1,"13":3,"14":1,"15":2,"16":2,"17":1,"18":1,"19":1,"20":4,"21":4,"22":1,"23":3,"24":1,"25":2,"26":1,"27":2,"28":2,"29":2,"30":1,"31":1,"32":1,"33":1,"34":2,"35":1,"36":1},"f":{"0":1,"1":5,"2":1,"3":2,"4":1,"5":4,"6":2,"7":1,"8":2},"b":{"0":[1,4],"1":[5,2],"2":[2,2],"3":[4,2],"4":[1,3],"5":[1,1],"6":[1,3],"7":[1,2],"8":[3,1,1],"9":[1,1],"10":[1,1],"11":[1,0],"12":[1,1]}}
,"/home/samuel/Projects/autouni-backend/src/utils/password.util.ts": {"path":"/home/samuel/Projects/autouni-backend/src/utils/password.util.ts","statementMap":{"0":{"start":{"line":1,"column":0},"end":{"line":1,"column":33}},"1":{"start":{"line":3,"column":28},"end":{"line":6,"column":1}},"2":{"start":{"line":4,"column":21},"end":{"line":4,"column":23}},"3":{"start":{"line":5,"column":2},"end":{"line":5,"column":43}},"4":{"start":{"line":3,"column":13},"end":{"line":3,"column":28}},"5":{"start":{"line":8,"column":31},"end":{"line":13,"column":1}},"6":{"start":{"line":12,"column":2},"end":{"line":12,"column":40}},"7":{"start":{"line":8,"column":13},"end":{"line":8,"column":31}}},"fnMap":{"0":{"name":"(anonymous_9)","decl":{"start":{"line":3,"column":28},"end":{"line":3,"column":33}},"loc":{"start":{"line":3,"column":72},"end":{"line":6,"column":1}}},"1":{"name":"(anonymous_10)","decl":{"start":{"line":8,"column":31},"end":{"line":8,"column":36}},"loc":{"start":{"line":11,"column":22},"end":{"line":13,"column":1}}}},"branchMap":{},"s":{"0":1,"1":1,"2":3,"3":3,"4":1,"5":1,"6":2,"7":1},"f":{"0":3,"1":2},"b":{}}
}
