TN:
SF:src/guards/auth.guard.ts
FN:23,(anonymous_2)
FN:25,(anonymous_3)
FN:44,(anonymous_4)
FNF:3
FNH:3
FNDA:10,(anonymous_2)
FNDA:198,(anonymous_3)
FNDA:198,(anonymous_4)
DA:1,10
DA:7,10
DA:22,10
DA:23,10
DA:26,198
DA:27,198
DA:29,198
DA:30,38
DA:33,160
DA:34,160
DA:37,159
DA:39,1
DA:41,159
DA:45,198
DA:46,198
LF:15
LH:15
BRDA:29,0,0,38
BRDA:29,0,1,160
BRDA:45,1,0,198
BRDA:45,1,1,37
BRDA:46,2,0,160
BRDA:46,2,1,38
BRDA:23,3,0,10
BRDA:23,3,1,0
BRDA:23,4,0,10
BRDA:23,4,1,10
BRF:10
BRH:9
end_of_record
TN:
SF:src/modules/auth/controller/auth.controller.ts
FN:26,(anonymous_4)
FN:63,(anonymous_5)
FN:98,(anonymous_6)
FN:130,(anonymous_7)
FN:162,(anonymous_8)
FNF:5
FNH:5
FNDA:1,(anonymous_4)
FNDA:4,(anonymous_5)
FNDA:4,(anonymous_6)
FNDA:5,(anonymous_7)
FNDA:2,(anonymous_8)
DA:1,1
DA:10,1
DA:11,1
DA:12,1
DA:13,1
DA:19,1
DA:20,1
DA:21,1
DA:25,1
DA:26,1
DA:63,1
DA:64,4
DA:98,1
DA:99,4
DA:130,1
DA:131,5
DA:162,1
DA:163,2
LF:18
LH:18
BRDA:63,0,0,1
BRDA:63,0,1,0
BRDA:63,1,0,1
BRDA:63,1,1,1
BRDA:98,2,0,1
BRDA:98,2,1,0
BRDA:98,3,0,1
BRDA:98,3,1,1
BRDA:130,4,0,1
BRDA:130,4,1,0
BRDA:130,5,0,1
BRDA:130,5,1,1
BRDA:26,6,0,1
BRDA:26,6,1,0
BRDA:26,7,0,1
BRDA:26,7,1,1
BRF:16
BRH:12
end_of_record
TN:
SF:src/modules/auth/decorators/public.decorator.ts
FN:4,(anonymous_0)
FNF:1
FNH:1
FNDA:3,(anonymous_0)
DA:1,1
DA:3,1
DA:4,3
LF:3
LH:3
BRF:0
BRH:0
end_of_record
TN:
SF:src/modules/auth/repository/auth.repository.ts
FN:8,(anonymous_2)
FN:10,(anonymous_3)
FN:16,(anonymous_4)
FN:22,(anonymous_5)
FN:39,(anonymous_6)
FN:49,(anonymous_7)
FN:71,(anonymous_8)
FN:77,(anonymous_9)
FNF:8
FNH:8
FNDA:1,(anonymous_2)
FNDA:10,(anonymous_3)
FNDA:2,(anonymous_4)
FNDA:2,(anonymous_5)
FNDA:1,(anonymous_6)
FNDA:4,(anonymous_7)
FNDA:1,(anonymous_8)
FNDA:1,(anonymous_9)
DA:1,1
DA:2,1
DA:3,1
DA:7,1
DA:8,1
DA:11,10
DA:17,2
DA:31,2
DA:44,1
DA:56,4
DA:72,1
DA:78,1
LF:12
LH:12
BRDA:34,0,0,2
BRDA:34,0,1,1
BRDA:8,1,0,1
BRDA:8,1,1,0
BRDA:8,2,0,1
BRDA:8,2,1,1
BRF:6
BRH:5
end_of_record
TN:
SF:src/modules/auth/service/auth.service.ts
FN:16,(anonymous_11)
FN:21,(anonymous_12)
FN:38,(anonymous_13)
FN:71,(anonymous_14)
FN:106,(anonymous_15)
FN:120,(anonymous_16)
FN:125,(anonymous_17)
FN:155,(anonymous_18)
FN:165,(anonymous_19)
FNF:9
FNH:9
FNDA:1,(anonymous_11)
FNDA:4,(anonymous_12)
FNDA:4,(anonymous_13)
FNDA:4,(anonymous_14)
FNDA:5,(anonymous_15)
FNDA:3,(anonymous_16)
FNDA:3,(anonymous_17)
FNDA:2,(anonymous_18)
FNDA:1,(anonymous_19)
DA:1,1
DA:7,1
DA:8,1
DA:9,1
DA:15,1
DA:17,1
DA:18,1
DA:22,4
DA:24,4
DA:25,2
DA:28,2
DA:30,2
DA:31,1
DA:34,1
DA:35,1
DA:39,4
DA:41,1
DA:48,1
DA:52,1
DA:57,1
DA:58,1
DA:64,1
DA:73,4
DA:77,4
DA:78,1
DA:82,3
DA:83,2
DA:87,2
DA:88,1
DA:93,2
DA:96,2
DA:102,2
DA:103,2
DA:107,5
DA:108,5
DA:111,4
DA:115,4
DA:116,1
DA:119,3
DA:121,3
DA:125,3
DA:126,1
DA:129,2
DA:131,2
DA:132,1
DA:135,1
DA:144,1
DA:148,4
DA:149,3
DA:151,1
DA:156,2
DA:157,1
DA:160,1
DA:162,1
DA:166,1
LF:55
LH:55
BRDA:24,0,0,2
BRDA:24,0,1,2
BRDA:24,1,0,4
BRDA:24,1,1,3
BRDA:30,2,0,1
BRDA:30,2,1,1
BRDA:77,3,0,1
BRDA:77,3,1,3
BRDA:82,4,0,2
BRDA:82,4,1,1
BRDA:87,5,0,1
BRDA:87,5,1,1
BRDA:115,6,0,1
BRDA:115,6,1,3
BRDA:125,7,0,1
BRDA:125,7,1,2
BRDA:131,8,0,1
BRDA:131,8,1,1
BRDA:148,9,0,3
BRDA:148,9,1,1
BRDA:156,10,0,1
BRDA:156,10,1,1
BRDA:17,11,0,1
BRDA:17,11,1,0
BRDA:17,12,0,1
BRDA:17,12,1,1
BRDA:17,13,0,1
BRDA:17,13,1,0
BRDA:17,14,0,1
BRDA:17,14,1,1
BRF:30
BRH:28
end_of_record
TN:
SF:src/modules/automations/controller/automations.controller.ts
FN:37,(anonymous_4)
FN:77,(anonymous_5)
FN:85,(anonymous_6)
FN:113,(anonymous_7)
FN:121,(anonymous_8)
FN:130,(anonymous_9)
FN:140,(anonymous_10)
FN:188,(anonymous_11)
FN:202,(anonymous_12)
FN:215,(anonymous_13)
FN:265,(anonymous_14)
FN:277,(anonymous_15)
FNF:12
FNH:12
FNDA:1,(anonymous_4)
FNDA:4,(anonymous_5)
FNDA:1,(anonymous_6)
FNDA:1,(anonymous_7)
FNDA:1,(anonymous_8)
FNDA:1,(anonymous_9)
FNDA:2,(anonymous_10)
FNDA:2,(anonymous_11)
FNDA:2,(anonymous_12)
FNDA:1,(anonymous_13)
FNDA:3,(anonymous_14)
FNDA:2,(anonymous_15)
DA:1,1
DA:16,1
DA:24,1
DA:25,1
DA:30,1
DA:36,1
DA:37,1
DA:77,1
DA:78,4
DA:85,1
DA:86,1
DA:113,1
DA:114,1
DA:121,1
DA:122,1
DA:130,1
DA:131,1
DA:140,1
DA:141,2
DA:188,1
DA:192,2
DA:202,1
DA:206,2
DA:215,1
DA:219,1
DA:265,1
DA:266,3
DA:267,1
DA:277,1
DA:278,2
LF:30
LH:30
BRDA:77,0,0,1
BRDA:77,0,1,0
BRDA:77,1,0,1
BRDA:77,1,1,1
BRDA:204,2,0,1
BRDA:204,2,1,0
BRDA:204,3,0,1
BRDA:204,3,1,1
BRDA:217,4,0,1
BRDA:217,4,1,0
BRDA:217,5,0,1
BRDA:217,5,1,1
BRDA:37,6,0,1
BRDA:37,6,1,0
BRDA:37,7,0,1
BRDA:37,7,1,1
BRF:16
BRH:12
end_of_record
TN:
SF:src/modules/automations/repository/automations.repository.ts
FN:13,(anonymous_2)
FN:15,(anonymous_3)
FN:39,(anonymous_4)
FN:56,(anonymous_5)
FN:77,(anonymous_6)
FN:95,(anonymous_7)
FN:110,(anonymous_8)
FN:128,(anonymous_9)
FN:158,(anonymous_10)
FN:170,(anonymous_11)
FN:179,(anonymous_12)
FN:195,(anonymous_13)
FN:209,(anonymous_14)
FNF:13
FNH:12
FNDA:1,(anonymous_2)
FNDA:2,(anonymous_3)
FNDA:2,(anonymous_4)
FNDA:12,(anonymous_5)
FNDA:1,(anonymous_6)
FNDA:1,(anonymous_7)
FNDA:0,(anonymous_8)
FNDA:1,(anonymous_9)
FNDA:1,(anonymous_10)
FNDA:1,(anonymous_11)
FNDA:1,(anonymous_12)
FNDA:1,(anonymous_13)
FNDA:1,(anonymous_14)
DA:1,1
DA:3,1
DA:12,1
DA:13,1
DA:16,2
DA:40,2
DA:57,12
DA:78,1
DA:96,1
DA:111,0
DA:129,1
DA:131,1
DA:132,0
DA:135,1
DA:159,1
DA:161,1
DA:162,0
DA:165,1
DA:171,1
DA:180,1
DA:200,1
DA:210,1
LF:22
LH:19
BRDA:24,0,0,2
BRDA:24,0,1,0
BRDA:25,1,0,2
BRDA:25,1,1,2
BRDA:131,2,0,0
BRDA:131,2,1,1
BRDA:140,3,0,0
BRDA:140,3,1,1
BRDA:143,4,0,0
BRDA:143,4,1,1
BRDA:143,5,0,0
BRDA:143,5,1,0
BRDA:161,6,0,0
BRDA:161,6,1,1
BRDA:209,7,0,1
BRDA:13,8,0,1
BRDA:13,8,1,0
BRDA:13,9,0,1
BRDA:13,9,1,1
BRF:19
BRH:11
end_of_record
TN:
SF:src/modules/automations/service/automations.service.ts
FN:18,(anonymous_2)
FN:23,(anonymous_3)
FN:40,(anonymous_4)
FN:44,(anonymous_5)
FN:54,(anonymous_6)
FN:58,(anonymous_7)
FN:62,(anonymous_8)
FN:81,(anonymous_9)
FN:86,(anonymous_10)
FN:91,(anonymous_11)
FN:96,(anonymous_12)
FN:108,(anonymous_13)
FN:137,(anonymous_14)
FN:145,(anonymous_15)
FN:161,(anonymous_16)
FN:209,(anonymous_17)
FN:214,(anonymous_18)
FN:215,(anonymous_19)
FN:217,(anonymous_20)
FN:218,(anonymous_21)
FN:219,(anonymous_22)
FNF:21
FNH:19
FNDA:1,(anonymous_2)
FNDA:4,(anonymous_3)
FNDA:2,(anonymous_4)
FNDA:12,(anonymous_5)
FNDA:1,(anonymous_6)
FNDA:1,(anonymous_7)
FNDA:2,(anonymous_8)
FNDA:2,(anonymous_9)
FNDA:1,(anonymous_10)
FNDA:2,(anonymous_11)
FNDA:3,(anonymous_12)
FNDA:0,(anonymous_13)
FNDA:2,(anonymous_14)
FNDA:0,(anonymous_15)
FNDA:1,(anonymous_16)
FNDA:1,(anonymous_17)
FNDA:1,(anonymous_18)
FNDA:1,(anonymous_19)
FNDA:1,(anonymous_20)
FNDA:1,(anonymous_21)
FNDA:1,(anonymous_22)
DA:1,1
DA:2,1
DA:4,1
DA:5,1
DA:6,1
DA:7,1
DA:15,1
DA:16,1
DA:19,1
DA:20,1
DA:25,4
DA:26,4
DA:30,4
DA:31,3
DA:32,1
DA:34,2
DA:37,2
DA:41,2
DA:45,12
DA:47,12
DA:48,5
DA:51,7
DA:55,1
DA:59,1
DA:63,2
DA:66,1
DA:67,0
DA:71,1
DA:75,0
DA:78,1
DA:82,2
DA:83,1
DA:87,1
DA:88,1
DA:92,2
DA:93,1
DA:97,3
DA:99,2
DA:100,1
DA:103,1
DA:108,1
DA:109,0
DA:110,0
DA:111,0
DA:113,0
DA:114,0
DA:115,0
DA:118,0
DA:120,0
DA:121,0
DA:124,0
DA:125,0
DA:133,0
DA:138,2
DA:139,2
DA:141,1
DA:146,0
DA:147,0
DA:151,0
DA:154,0
DA:156,0
DA:157,0
DA:162,1
DA:163,1
DA:167,1
DA:168,1
DA:172,0
DA:176,1
DA:178,1
DA:179,1
DA:185,1
DA:188,1
DA:194,1
DA:196,0
DA:199,0
DA:205,0
DA:210,1
DA:212,1
DA:214,1
DA:215,1
DA:217,1
DA:218,1
DA:219,1
LF:83
LH:59
BRDA:25,0,0,4
BRDA:25,0,1,0
BRDA:30,1,0,3
BRDA:30,1,1,1
BRDA:31,2,0,1
BRDA:31,2,1,2
BRDA:47,3,0,5
BRDA:47,3,1,7
BRDA:66,4,0,0
BRDA:66,4,1,1
BRDA:66,5,0,1
BRDA:66,5,1,0
BRDA:71,6,0,0
BRDA:71,6,1,1
BRDA:72,7,0,1
BRDA:72,7,1,1
BRDA:72,7,2,0
BRDA:99,8,0,1
BRDA:99,8,1,1
BRDA:115,9,0,0
BRDA:115,9,1,0
BRDA:120,10,0,0
BRDA:120,10,1,0
BRDA:148,11,0,0
BRDA:148,11,1,0
BRDA:168,12,0,1
BRDA:168,12,1,0
BRDA:176,13,0,1
BRDA:176,13,1,0
BRDA:178,14,0,1
BRDA:178,14,1,0
BRDA:19,15,0,1
BRDA:19,15,1,0
BRDA:19,16,0,1
BRDA:19,16,1,1
BRDA:19,17,0,1
BRDA:19,17,1,0
BRDA:19,18,0,1
BRDA:19,18,1,1
BRF:39
BRH:23
end_of_record
TN:
SF:src/modules/buildings/controller/buildings.controller.ts
FN:28,(anonymous_4)
FN:62,(anonymous_5)
FN:69,(anonymous_6)
FN:78,(anonymous_7)
FN:90,(anonymous_8)
FN:124,(anonymous_9)
FN:133,(anonymous_10)
FN:145,(anonymous_11)
FNF:8
FNH:8
FNDA:1,(anonymous_4)
FNDA:1,(anonymous_5)
FNDA:2,(anonymous_6)
FNDA:2,(anonymous_7)
FNDA:2,(anonymous_8)
FNDA:2,(anonymous_9)
FNDA:2,(anonymous_10)
FNDA:2,(anonymous_11)
DA:1,1
DA:11,1
DA:18,1
DA:19,1
DA:20,1
DA:21,1
DA:27,1
DA:28,1
DA:62,1
DA:63,1
DA:69,1
DA:70,2
DA:78,1
DA:79,2
DA:90,1
DA:91,2
DA:124,1
DA:125,2
DA:133,1
DA:137,2
DA:145,1
DA:146,2
LF:22
LH:22
BRDA:62,0,0,1
BRDA:62,0,1,0
BRDA:62,1,0,1
BRDA:62,1,1,1
BRDA:135,2,0,1
BRDA:135,2,1,0
BRDA:135,3,0,1
BRDA:135,3,1,1
BRDA:28,4,0,1
BRDA:28,4,1,0
BRDA:28,5,0,1
BRDA:28,5,1,1
BRF:12
BRH:9
end_of_record
TN:
SF:src/modules/buildings/repository/buildings.repository.ts
FN:13,(anonymous_2)
FN:15,(anonymous_3)
FN:21,(anonymous_4)
FN:40,(anonymous_5)
FN:46,(anonymous_6)
FN:63,(anonymous_7)
FN:70,(anonymous_8)
FN:76,(anonymous_9)
FN:109,(anonymous_10)
FN:113,(anonymous_11)
FN:115,(anonymous_12)
FN:119,(anonymous_13)
FN:122,(anonymous_14)
FN:124,(anonymous_15)
FNF:14
FNH:14
FNDA:1,(anonymous_2)
FNDA:1,(anonymous_3)
FNDA:2,(anonymous_4)
FNDA:8,(anonymous_5)
FNDA:2,(anonymous_6)
FNDA:1,(anonymous_7)
FNDA:1,(anonymous_8)
FNDA:1,(anonymous_9)
FNDA:1,(anonymous_10)
FNDA:1,(anonymous_11)
FNDA:1,(anonymous_12)
FNDA:1,(anonymous_13)
FNDA:1,(anonymous_14)
FNDA:2,(anonymous_15)
DA:1,1
DA:3,1
DA:12,1
DA:13,1
DA:16,1
DA:22,2
DA:41,8
DA:47,2
DA:64,1
DA:71,1
DA:77,1
DA:97,1
DA:98,0
DA:107,1
DA:108,1
DA:109,1
DA:112,1
DA:114,1
DA:115,1
DA:118,1
DA:120,1
DA:123,1
DA:124,2
DA:130,1
LF:24
LH:23
BRDA:97,0,0,0
BRDA:97,0,1,1
BRDA:134,1,0,1
BRDA:134,1,1,0
BRDA:13,2,0,1
BRDA:13,2,1,0
BRDA:13,3,0,1
BRDA:13,3,1,1
BRF:8
BRH:5
end_of_record
TN:
SF:src/modules/buildings/service/buildings.service.ts
FN:12,(anonymous_2)
FN:14,(anonymous_3)
FN:18,(anonymous_4)
FN:22,(anonymous_5)
FN:30,(anonymous_6)
FN:38,(anonymous_7)
FN:43,(anonymous_8)
FN:48,(anonymous_9)
FNF:8
FNH:8
FNDA:1,(anonymous_2)
FNDA:1,(anonymous_3)
FNDA:2,(anonymous_4)
FNDA:8,(anonymous_5)
FNDA:2,(anonymous_6)
FNDA:2,(anonymous_7)
FNDA:2,(anonymous_8)
FNDA:2,(anonymous_9)
DA:1,1
DA:3,1
DA:11,1
DA:12,1
DA:15,1
DA:19,2
DA:23,8
DA:24,8
DA:25,4
DA:27,4
DA:31,2
DA:32,2
DA:33,1
DA:35,1
DA:39,2
DA:40,1
DA:44,2
DA:45,1
DA:49,2
DA:50,1
LF:20
LH:20
BRDA:24,0,0,4
BRDA:24,0,1,4
BRDA:32,1,0,1
BRDA:32,1,1,1
BRDA:12,2,0,1
BRDA:12,2,1,0
BRDA:12,3,0,1
BRDA:12,3,1,1
BRF:8
BRH:7
end_of_record
TN:
SF:src/modules/devices/controller/devices.controller.ts
FN:33,(anonymous_4)
FN:72,(anonymous_5)
FN:107,(anonymous_6)
FN:140,(anonymous_7)
FN:148,(anonymous_8)
FN:159,(anonymous_9)
FN:201,(anonymous_10)
FN:210,(anonymous_11)
FN:246,(anonymous_12)
FN:260,(anonymous_13)
FN:273,(anonymous_14)
FNF:11
FNH:11
FNDA:1,(anonymous_4)
FNDA:1,(anonymous_5)
FNDA:1,(anonymous_6)
FNDA:1,(anonymous_7)
FNDA:1,(anonymous_8)
FNDA:1,(anonymous_9)
FNDA:2,(anonymous_10)
FNDA:2,(anonymous_11)
FNDA:2,(anonymous_12)
FNDA:1,(anonymous_13)
FNDA:2,(anonymous_14)
DA:1,1
DA:14,1
DA:22,1
DA:23,1
DA:24,1
DA:25,1
DA:26,1
DA:32,1
DA:33,1
DA:72,1
DA:73,1
DA:107,1
DA:108,1
DA:140,1
DA:141,1
DA:148,1
DA:149,1
DA:159,1
DA:160,1
DA:201,1
DA:202,2
DA:210,1
DA:214,2
DA:246,1
DA:250,2
DA:260,1
DA:264,1
DA:273,1
DA:274,2
LF:29
LH:29
BRDA:72,0,0,1
BRDA:72,0,1,0
BRDA:72,1,0,1
BRDA:72,1,1,1
BRDA:159,2,0,0
BRDA:159,2,1,1
BRDA:159,3,0,1
BRDA:159,3,1,1
BRDA:212,4,0,1
BRDA:212,4,1,0
BRDA:212,5,0,1
BRDA:212,5,1,1
BRDA:248,6,0,0
BRDA:248,6,1,1
BRDA:248,7,0,1
BRDA:248,7,1,1
BRDA:33,8,0,1
BRDA:33,8,1,0
BRDA:33,9,0,1
BRDA:33,9,1,1
BRF:20
BRH:15
end_of_record
TN:
SF:src/modules/devices/repository/devices.repository.ts
FN:10,(anonymous_2)
FN:12,(anonymous_3)
FN:34,(anonymous_4)
FN:53,(anonymous_5)
FN:76,(anonymous_6)
FN:88,(anonymous_7)
FN:105,(anonymous_8)
FN:134,(anonymous_9)
FN:146,(anonymous_10)
FN:156,(anonymous_11)
FNF:10
FNH:10
FNDA:1,(anonymous_2)
FNDA:1,(anonymous_3)
FNDA:2,(anonymous_4)
FNDA:9,(anonymous_5)
FNDA:1,(anonymous_6)
FNDA:1,(anonymous_7)
FNDA:1,(anonymous_8)
FNDA:1,(anonymous_9)
FNDA:1,(anonymous_10)
FNDA:1,(anonymous_11)
DA:1,1
DA:3,1
DA:9,1
DA:10,1
DA:13,1
DA:15,1
DA:35,2
DA:54,9
DA:77,1
DA:89,1
DA:106,1
DA:108,1
DA:109,0
DA:112,1
DA:114,1
DA:135,1
DA:137,1
DA:138,0
DA:141,1
DA:147,1
DA:157,1
LF:21
LH:19
BRDA:108,0,0,0
BRDA:108,0,1,1
BRDA:118,1,0,0
BRDA:118,1,1,1
BRDA:137,2,0,0
BRDA:137,2,1,1
BRDA:10,3,0,1
BRDA:10,3,1,0
BRDA:10,4,0,1
BRDA:10,4,1,1
BRF:10
BRH:6
end_of_record
TN:
SF:src/modules/devices/service/devices.service.ts
FN:10,(anonymous_2)
FN:12,(anonymous_3)
FN:23,(anonymous_4)
FN:27,(anonymous_5)
FN:37,(anonymous_6)
FN:41,(anonymous_7)
FN:45,(anonymous_8)
FN:58,(anonymous_9)
FN:63,(anonymous_10)
FN:68,(anonymous_11)
FN:73,(anonymous_12)
FN:80,(anonymous_13)
FN:81,(anonymous_14)
FN:83,(anonymous_15)
FN:84,(anonymous_16)
FN:85,(anonymous_17)
FN:86,(anonymous_18)
FN:88,(anonymous_19)
FNF:18
FNH:18
FNDA:1,(anonymous_2)
FNDA:1,(anonymous_3)
FNDA:2,(anonymous_4)
FNDA:9,(anonymous_5)
FNDA:1,(anonymous_6)
FNDA:1,(anonymous_7)
FNDA:2,(anonymous_8)
FNDA:2,(anonymous_9)
FNDA:2,(anonymous_10)
FNDA:1,(anonymous_11)
FNDA:1,(anonymous_12)
FNDA:1,(anonymous_13)
FNDA:1,(anonymous_14)
FNDA:1,(anonymous_15)
FNDA:1,(anonymous_16)
FNDA:1,(anonymous_17)
FNDA:1,(anonymous_18)
FNDA:1,(anonymous_19)
DA:1,1
DA:3,1
DA:9,1
DA:10,1
DA:13,1
DA:14,1
DA:16,0
DA:17,0
DA:19,0
DA:24,2
DA:28,9
DA:30,9
DA:31,4
DA:34,5
DA:38,1
DA:42,1
DA:46,2
DA:48,1
DA:49,1
DA:51,0
DA:52,0
DA:54,0
DA:59,2
DA:60,1
DA:64,2
DA:65,1
DA:69,1
DA:70,1
DA:74,1
DA:75,1
DA:76,1
DA:78,1
DA:80,1
DA:81,1
DA:83,1
DA:84,1
DA:85,1
DA:86,1
DA:89,1
DA:90,1
LF:40
LH:34
BRDA:16,0,0,0
BRDA:16,0,1,0
BRDA:30,1,0,4
BRDA:30,1,1,5
BRDA:51,2,0,0
BRDA:51,2,1,0
BRDA:80,3,0,1
BRDA:80,3,1,0
BRDA:81,4,0,1
BRDA:81,4,1,0
BRDA:89,5,0,1
BRDA:89,5,1,1
BRDA:10,6,0,1
BRDA:10,6,1,0
BRDA:10,7,0,1
BRDA:10,7,1,1
BRF:16
BRH:9
end_of_record
TN:
SF:src/modules/energy/controller/energy.controller.ts
FN:35,(anonymous_4)
FN:69,(anonymous_5)
FN:78,(anonymous_6)
FN:114,(anonymous_7)
FN:130,(anonymous_8)
FN:147,(anonymous_9)
FN:163,(anonymous_10)
FN:197,(anonymous_11)
FN:225,(anonymous_12)
FNF:9
FNH:9
FNDA:1,(anonymous_4)
FNDA:2,(anonymous_5)
FNDA:1,(anonymous_6)
FNDA:1,(anonymous_7)
FNDA:1,(anonymous_8)
FNDA:2,(anonymous_9)
FNDA:1,(anonymous_10)
FNDA:2,(anonymous_11)
FNDA:2,(anonymous_12)
DA:1,1
DA:14,1
DA:21,1
DA:22,1
DA:28,1
DA:34,1
DA:35,1
DA:69,1
DA:70,2
DA:78,1
DA:82,1
DA:87,1
DA:114,1
DA:118,1
DA:122,1
DA:130,1
DA:134,1
DA:139,1
DA:147,1
DA:151,2
DA:155,2
DA:163,1
DA:167,1
DA:171,1
DA:197,1
DA:201,2
DA:205,2
DA:225,1
DA:226,2
DA:229,2
LF:30
LH:30
BRDA:83,0,0,0
BRDA:83,0,1,1
BRDA:84,1,0,0
BRDA:84,1,1,1
BRDA:119,2,0,0
BRDA:119,2,1,1
BRDA:120,3,0,0
BRDA:120,3,1,1
BRDA:135,4,0,0
BRDA:135,4,1,1
BRDA:136,5,0,0
BRDA:136,5,1,1
BRDA:152,6,0,0
BRDA:152,6,1,2
BRDA:153,7,0,0
BRDA:153,7,1,2
BRDA:168,8,0,0
BRDA:168,8,1,1
BRDA:169,9,0,0
BRDA:169,9,1,1
BRDA:202,10,0,0
BRDA:202,10,1,2
BRDA:203,11,0,0
BRDA:203,11,1,2
BRDA:227,12,0,2
BRDA:227,12,1,1
BRDA:69,13,0,1
BRDA:69,13,1,0
BRDA:69,14,0,1
BRDA:69,14,1,1
BRDA:80,15,0,1
BRDA:80,15,1,0
BRDA:80,16,0,1
BRDA:80,16,1,1
BRDA:116,17,0,1
BRDA:116,17,1,0
BRDA:116,18,0,1
BRDA:116,18,1,1
BRDA:132,19,0,1
BRDA:132,19,1,0
BRDA:132,20,0,1
BRDA:132,20,1,1
BRDA:149,21,0,1
BRDA:149,21,1,0
BRDA:149,22,0,1
BRDA:149,22,1,1
BRDA:165,23,0,1
BRDA:165,23,1,0
BRDA:165,24,0,1
BRDA:165,24,1,1
BRDA:199,25,0,1
BRDA:199,25,1,0
BRDA:199,26,0,1
BRDA:199,26,1,1
BRDA:225,27,0,1
BRDA:225,27,1,0
BRDA:225,28,0,1
BRDA:225,28,1,1
BRDA:35,29,0,1
BRDA:35,29,1,0
BRDA:35,30,0,1
BRDA:35,30,1,1
BRF:62
BRH:41
end_of_record
TN:
SF:src/modules/energy/repository/energy.repository.ts
FN:12,(anonymous_2)
FN:14,(anonymous_3)
FN:37,(anonymous_4)
FN:59,(anonymous_5)
FN:89,(anonymous_6)
FN:119,(anonymous_7)
FN:132,(anonymous_8)
FN:159,(anonymous_9)
FN:172,(anonymous_10)
FN:182,(anonymous_11)
FN:209,(anonymous_12)
FN:222,(anonymous_13)
FN:232,(anonymous_14)
FN:242,(anonymous_15)
FN:269,(anonymous_16)
FNF:15
FNH:13
FNDA:1,(anonymous_2)
FNDA:2,(anonymous_3)
FNDA:1,(anonymous_4)
FNDA:1,(anonymous_5)
FNDA:1,(anonymous_6)
FNDA:2,(anonymous_7)
FNDA:1,(anonymous_8)
FNDA:1,(anonymous_9)
FNDA:0,(anonymous_10)
FNDA:0,(anonymous_11)
FNDA:2,(anonymous_12)
FNDA:1,(anonymous_13)
FNDA:1,(anonymous_14)
FNDA:1,(anonymous_15)
FNDA:2,(anonymous_16)
DA:1,1
DA:3,1
DA:11,1
DA:12,1
DA:20,2
DA:41,1
DA:43,1
DA:44,0
DA:45,0
DA:46,0
DA:49,1
DA:63,1
DA:69,1
DA:70,0
DA:71,0
DA:72,0
DA:75,1
DA:93,1
DA:95,1
DA:96,0
DA:97,0
DA:98,0
DA:101,1
DA:110,1
DA:123,2
DA:128,2
DA:129,1
DA:132,1
DA:133,1
DA:135,1
DA:136,0
DA:137,0
DA:138,0
DA:141,1
DA:150,1
DA:163,1
DA:168,1
DA:169,1
DA:172,0
DA:173,0
DA:178,0
DA:179,0
DA:182,0
DA:183,0
DA:185,0
DA:186,0
DA:187,0
DA:188,0
DA:191,0
DA:200,0
DA:213,2
DA:218,2
DA:219,1
DA:222,1
DA:223,1
DA:228,1
DA:229,0
DA:232,1
DA:233,1
DA:238,1
DA:239,0
DA:242,1
DA:243,1
DA:245,1
DA:246,0
DA:247,0
DA:248,0
DA:251,1
DA:260,1
DA:270,2
DA:278,2
LF:71
LH:42
BRDA:43,0,0,0
BRDA:43,0,1,1
BRDA:43,1,0,1
BRDA:43,1,1,1
BRDA:45,2,0,0
BRDA:45,2,1,0
BRDA:46,3,0,0
BRDA:46,3,1,0
BRDA:52,4,0,1
BRDA:52,4,1,1
BRDA:69,5,0,0
BRDA:69,5,1,1
BRDA:69,6,0,1
BRDA:69,6,1,1
BRDA:71,7,0,0
BRDA:71,7,1,0
BRDA:72,8,0,0
BRDA:72,8,1,0
BRDA:78,9,0,1
BRDA:78,9,1,1
BRDA:95,10,0,0
BRDA:95,10,1,1
BRDA:95,11,0,1
BRDA:95,11,1,1
BRDA:97,12,0,0
BRDA:97,12,1,0
BRDA:98,13,0,0
BRDA:98,13,1,0
BRDA:111,14,0,1
BRDA:111,14,1,0
BRDA:113,15,0,1
BRDA:113,15,1,0
BRDA:114,16,0,1
BRDA:114,16,1,0
BRDA:115,17,0,1
BRDA:115,17,1,0
BRDA:128,18,0,1
BRDA:128,18,1,1
BRDA:135,19,0,0
BRDA:135,19,1,1
BRDA:135,20,0,1
BRDA:135,20,1,1
BRDA:137,21,0,0
BRDA:137,21,1,0
BRDA:138,22,0,0
BRDA:138,22,1,0
BRDA:151,23,0,1
BRDA:151,23,1,0
BRDA:153,24,0,1
BRDA:153,24,1,0
BRDA:154,25,0,1
BRDA:154,25,1,0
BRDA:155,26,0,1
BRDA:155,26,1,0
BRDA:168,27,0,1
BRDA:168,27,1,0
BRDA:178,28,0,0
BRDA:178,28,1,0
BRDA:185,29,0,0
BRDA:185,29,1,0
BRDA:185,30,0,0
BRDA:185,30,1,0
BRDA:187,31,0,0
BRDA:187,31,1,0
BRDA:188,32,0,0
BRDA:188,32,1,0
BRDA:201,33,0,0
BRDA:201,33,1,0
BRDA:203,34,0,0
BRDA:203,34,1,0
BRDA:204,35,0,0
BRDA:204,35,1,0
BRDA:205,36,0,0
BRDA:205,36,1,0
BRDA:218,37,0,1
BRDA:218,37,1,1
BRDA:228,38,0,0
BRDA:228,38,1,1
BRDA:238,39,0,0
BRDA:238,39,1,1
BRDA:245,40,0,0
BRDA:245,40,1,1
BRDA:245,41,0,1
BRDA:245,41,1,1
BRDA:247,42,0,0
BRDA:247,42,1,0
BRDA:248,43,0,0
BRDA:248,43,1,0
BRDA:261,44,0,1
BRDA:261,44,1,0
BRDA:263,45,0,1
BRDA:263,45,1,0
BRDA:264,46,0,1
BRDA:264,46,1,0
BRDA:265,47,0,1
BRDA:265,47,1,0
BRDA:12,48,0,1
BRDA:12,48,1,0
BRDA:12,49,0,1
BRDA:12,49,1,1
BRF:100
BRH:41
end_of_record
TN:
SF:src/modules/energy/service/energy.service.ts
FN:8,(anonymous_2)
FN:10,(anonymous_3)
FN:19,(anonymous_4)
FN:26,(anonymous_5)
FN:33,(anonymous_6)
FN:40,(anonymous_7)
FN:47,(anonymous_8)
FN:54,(anonymous_9)
FN:62,(anonymous_10)
FN:67,(anonymous_11)
FN:72,(anonymous_12)
FN:77,(anonymous_13)
FNF:12
FNH:9
FNDA:1,(anonymous_2)
FNDA:2,(anonymous_3)
FNDA:1,(anonymous_4)
FNDA:1,(anonymous_5)
FNDA:1,(anonymous_6)
FNDA:2,(anonymous_7)
FNDA:1,(anonymous_8)
FNDA:2,(anonymous_9)
FNDA:0,(anonymous_10)
FNDA:0,(anonymous_11)
FNDA:0,(anonymous_12)
FNDA:2,(anonymous_13)
DA:1,1
DA:3,1
DA:7,1
DA:8,1
DA:16,2
DA:23,1
DA:30,1
DA:37,1
DA:44,2
DA:51,1
DA:58,2
DA:63,0
DA:64,0
DA:68,0
DA:69,0
DA:73,0
DA:74,0
DA:78,2
DA:79,2
DA:80,2
LF:20
LH:14
BRDA:77,0,0,0
BRDA:8,1,0,1
BRDA:8,1,1,0
BRDA:8,2,0,1
BRDA:8,2,1,1
BRF:5
BRH:3
end_of_record
TN:
SF:src/modules/floors/controller/floors.controller.ts
FN:28,(anonymous_4)
FN:34,(anonymous_5)
FN:41,(anonymous_6)
FN:49,(anonymous_7)
FN:58,(anonymous_8)
FN:70,(anonymous_9)
FN:79,(anonymous_10)
FN:91,(anonymous_11)
FNF:8
FNH:8
FNDA:1,(anonymous_4)
FNDA:1,(anonymous_5)
FNDA:1,(anonymous_6)
FNDA:1,(anonymous_7)
FNDA:2,(anonymous_8)
FNDA:2,(anonymous_9)
FNDA:2,(anonymous_10)
FNDA:2,(anonymous_11)
DA:1,1
DA:11,1
DA:18,1
DA:19,1
DA:20,1
DA:21,1
DA:27,1
DA:28,1
DA:34,1
DA:35,1
DA:41,1
DA:42,1
DA:49,1
DA:50,1
DA:58,1
DA:59,2
DA:70,1
DA:71,2
DA:79,1
DA:83,2
DA:91,1
DA:92,2
LF:22
LH:22
BRDA:34,0,0,1
BRDA:34,0,1,0
BRDA:34,1,0,1
BRDA:34,1,1,1
BRDA:81,2,0,1
BRDA:81,2,1,0
BRDA:81,3,0,1
BRDA:81,3,1,1
BRDA:28,4,0,1
BRDA:28,4,1,0
BRDA:28,5,0,1
BRDA:28,5,1,1
BRF:12
BRH:9
end_of_record
TN:
SF:src/modules/floors/repository/floors.repository.ts
FN:12,(anonymous_2)
FN:14,(anonymous_3)
FN:20,(anonymous_4)
FN:34,(anonymous_5)
FN:43,(anonymous_6)
FN:57,(anonymous_7)
FN:73,(anonymous_8)
FN:80,(anonymous_9)
FNF:8
FNH:8
FNDA:1,(anonymous_2)
FNDA:1,(anonymous_3)
FNDA:1,(anonymous_4)
FNDA:6,(anonymous_5)
FNDA:2,(anonymous_6)
FNDA:1,(anonymous_7)
FNDA:1,(anonymous_8)
FNDA:1,(anonymous_9)
DA:1,1
DA:3,1
DA:11,1
DA:12,1
DA:15,1
DA:21,1
DA:35,6
DA:44,2
DA:58,1
DA:74,1
DA:81,1
LF:11
LH:11
BRDA:12,0,0,1
BRDA:12,0,1,0
BRDA:12,1,0,1
BRDA:12,1,1,1
BRF:4
BRH:3
end_of_record
TN:
SF:src/modules/floors/service/floors.service.ts
FN:11,(anonymous_2)
FN:13,(anonymous_3)
FN:17,(anonymous_4)
FN:21,(anonymous_5)
FN:29,(anonymous_6)
FN:37,(anonymous_7)
FN:41,(anonymous_8)
FN:46,(anonymous_9)
FNF:8
FNH:8
FNDA:1,(anonymous_2)
FNDA:1,(anonymous_3)
FNDA:1,(anonymous_4)
FNDA:6,(anonymous_5)
FNDA:2,(anonymous_6)
FNDA:1,(anonymous_7)
FNDA:2,(anonymous_8)
FNDA:2,(anonymous_9)
DA:1,1
DA:3,1
DA:10,1
DA:11,1
DA:14,1
DA:18,1
DA:22,6
DA:23,6
DA:24,3
DA:26,3
DA:30,2
DA:31,2
DA:32,1
DA:34,1
DA:38,1
DA:42,2
DA:43,1
DA:47,2
DA:48,1
LF:19
LH:19
BRDA:23,0,0,3
BRDA:23,0,1,3
BRDA:31,1,0,1
BRDA:31,1,1,1
BRDA:11,2,0,1
BRDA:11,2,1,0
BRDA:11,3,0,1
BRDA:11,3,1,1
BRF:8
BRH:7
end_of_record
TN:
SF:src/modules/notifications/controller/notifications.controller.ts
FN:28,(anonymous_4)
FN:65,(anonymous_5)
FN:75,(anonymous_6)
FN:85,(anonymous_7)
FN:97,(anonymous_8)
FN:108,(anonymous_9)
FN:117,(anonymous_10)
FN:149,(anonymous_11)
FN:168,(anonymous_12)
FN:180,(anonymous_13)
FNF:10
FNH:10
FNDA:1,(anonymous_4)
FNDA:1,(anonymous_5)
FNDA:1,(anonymous_6)
FNDA:1,(anonymous_7)
FNDA:1,(anonymous_8)
FNDA:1,(anonymous_9)
FNDA:2,(anonymous_10)
FNDA:2,(anonymous_11)
FNDA:1,(anonymous_12)
FNDA:2,(anonymous_13)
DA:1,1
DA:12,1
DA:19,1
DA:20,1
DA:21,1
DA:27,1
DA:28,1
DA:65,1
DA:66,1
DA:75,1
DA:76,1
DA:85,1
DA:86,1
DA:97,1
DA:98,1
DA:108,1
DA:109,1
DA:117,1
DA:118,2
DA:149,1
DA:150,2
DA:168,1
DA:169,1
DA:180,1
DA:181,2
LF:25
LH:25
BRDA:65,0,0,1
BRDA:65,0,1,0
BRDA:65,1,0,1
BRDA:65,1,1,1
BRDA:28,2,0,1
BRDA:28,2,1,0
BRDA:28,3,0,1
BRDA:28,3,1,1
BRF:8
BRH:6
end_of_record
TN:
SF:src/modules/notifications/repository/notifications.repository.ts
FN:11,(anonymous_2)
FN:13,(anonymous_3)
FN:19,(anonymous_4)
FN:36,(anonymous_5)
FN:51,(anonymous_6)
FN:60,(anonymous_7)
FN:72,(anonymous_8)
FN:79,(anonymous_9)
FN:90,(anonymous_10)
FNF:9
FNH:9
FNDA:1,(anonymous_2)
FNDA:1,(anonymous_3)
FNDA:1,(anonymous_4)
FNDA:6,(anonymous_5)
FNDA:2,(anonymous_6)
FNDA:1,(anonymous_7)
FNDA:1,(anonymous_8)
FNDA:1,(anonymous_9)
FNDA:1,(anonymous_10)
DA:1,1
DA:3,1
DA:10,1
DA:11,1
DA:14,1
DA:20,1
DA:37,6
DA:52,2
DA:61,1
DA:73,1
DA:80,1
DA:87,1
DA:91,1
LF:13
LH:13
BRDA:11,0,0,1
BRDA:11,0,1,0
BRDA:11,1,0,1
BRDA:11,1,1,1
BRF:4
BRH:3
end_of_record
TN:
SF:src/modules/notifications/service/notifications.service.ts
FN:9,(anonymous_2)
FN:14,(anonymous_3)
FN:26,(anonymous_4)
FN:30,(anonymous_5)
FN:38,(anonymous_6)
FN:42,(anonymous_7)
FN:46,(anonymous_8)
FN:51,(anonymous_9)
FN:56,(anonymous_10)
FNF:9
FNH:9
FNDA:1,(anonymous_2)
FNDA:1,(anonymous_3)
FNDA:1,(anonymous_4)
FNDA:6,(anonymous_5)
FNDA:2,(anonymous_6)
FNDA:1,(anonymous_7)
FNDA:2,(anonymous_8)
FNDA:1,(anonymous_9)
FNDA:2,(anonymous_10)
DA:1,1
DA:3,1
DA:4,1
DA:8,1
DA:10,1
DA:11,1
DA:15,1
DA:18,1
DA:23,1
DA:27,1
DA:31,6
DA:32,6
DA:33,3
DA:35,3
DA:39,2
DA:43,1
DA:47,2
DA:48,1
DA:52,1
DA:53,1
DA:57,2
DA:58,1
LF:22
LH:22
BRDA:32,0,0,3
BRDA:32,0,1,3
BRDA:10,1,0,1
BRDA:10,1,1,0
BRDA:10,2,0,1
BRDA:10,2,1,1
BRDA:10,3,0,1
BRDA:10,3,1,0
BRDA:10,4,0,1
BRDA:10,4,1,1
BRF:10
BRH:8
end_of_record
TN:
SF:src/modules/reports/controller/reports.controller.ts
FN:32,(anonymous_4)
FN:38,(anonymous_5)
FN:48,(anonymous_6)
FN:58,(anonymous_7)
FN:73,(anonymous_8)
FN:88,(anonymous_9)
FN:99,(anonymous_10)
FN:108,(anonymous_11)
FN:120,(anonymous_12)
FN:135,(anonymous_13)
FN:154,(anonymous_14)
FNF:11
FNH:11
FNDA:1,(anonymous_4)
FNDA:1,(anonymous_5)
FNDA:1,(anonymous_6)
FNDA:1,(anonymous_7)
FNDA:1,(anonymous_8)
FNDA:1,(anonymous_9)
FNDA:1,(anonymous_10)
FNDA:2,(anonymous_11)
FNDA:2,(anonymous_12)
FNDA:2,(anonymous_13)
FNDA:2,(anonymous_14)
DA:1,1
DA:13,1
DA:20,1
DA:21,1
DA:22,1
DA:23,1
DA:24,1
DA:25,1
DA:31,1
DA:32,1
DA:38,1
DA:39,1
DA:48,1
DA:49,1
DA:58,1
DA:59,1
DA:73,1
DA:74,1
DA:88,1
DA:89,1
DA:99,1
DA:100,1
DA:108,1
DA:109,2
DA:120,1
DA:124,2
DA:135,1
DA:139,2
DA:154,1
DA:155,2
LF:30
LH:30
BRDA:38,0,0,1
BRDA:38,0,1,0
BRDA:38,1,0,1
BRDA:38,1,1,1
BRDA:73,2,0,0
BRDA:73,2,1,1
BRDA:73,3,0,1
BRDA:73,3,1,1
BRDA:88,4,0,0
BRDA:88,4,1,1
BRDA:88,5,0,1
BRDA:88,5,1,1
BRDA:122,6,0,1
BRDA:122,6,1,0
BRDA:122,7,0,1
BRDA:122,7,1,1
BRDA:137,8,0,1
BRDA:137,8,1,0
BRDA:137,9,0,1
BRDA:137,9,1,1
BRDA:32,10,0,1
BRDA:32,10,1,0
BRDA:32,11,0,1
BRDA:32,11,1,1
BRF:24
BRH:18
end_of_record
TN:
SF:src/modules/reports/repository/reports.repository.ts
FN:12,(anonymous_2)
FN:14,(anonymous_3)
FN:20,(anonymous_4)
FN:37,(anonymous_5)
FN:52,(anonymous_6)
FN:61,(anonymous_7)
FN:79,(anonymous_8)
FN:97,(anonymous_9)
FN:104,(anonymous_10)
FN:118,(anonymous_11)
FNF:10
FNH:10
FNDA:1,(anonymous_2)
FNDA:1,(anonymous_3)
FNDA:1,(anonymous_4)
FNDA:8,(anonymous_5)
FNDA:2,(anonymous_6)
FNDA:1,(anonymous_7)
FNDA:1,(anonymous_8)
FNDA:1,(anonymous_9)
FNDA:1,(anonymous_10)
FNDA:1,(anonymous_11)
DA:1,1
DA:3,1
DA:11,1
DA:12,1
DA:15,1
DA:21,1
DA:38,8
DA:53,2
DA:62,1
DA:80,1
DA:98,1
DA:109,1
DA:119,1
LF:13
LH:13
BRDA:113,0,0,1
BRDA:113,0,1,0
BRDA:12,1,0,1
BRDA:12,1,1,0
BRDA:12,2,0,1
BRDA:12,2,1,1
BRF:6
BRH:4
end_of_record
TN:
SF:src/modules/reports/service/reports.service.ts
FN:11,(anonymous_2)
FN:13,(anonymous_3)
FN:23,(anonymous_4)
FN:27,(anonymous_5)
FN:35,(anonymous_6)
FN:39,(anonymous_7)
FN:43,(anonymous_8)
FN:47,(anonymous_9)
FN:52,(anonymous_10)
FN:61,(anonymous_11)
FNF:10
FNH:10
FNDA:1,(anonymous_2)
FNDA:1,(anonymous_3)
FNDA:1,(anonymous_4)
FNDA:8,(anonymous_5)
FNDA:2,(anonymous_6)
FNDA:1,(anonymous_7)
FNDA:1,(anonymous_8)
FNDA:2,(anonymous_9)
FNDA:2,(anonymous_10)
FNDA:2,(anonymous_11)
DA:1,1
DA:3,1
DA:10,1
DA:11,1
DA:14,1
DA:20,1
DA:24,1
DA:28,8
DA:29,8
DA:30,4
DA:32,4
DA:36,2
DA:40,1
DA:44,1
DA:48,2
DA:49,1
DA:57,2
DA:58,1
DA:62,2
DA:63,1
LF:20
LH:20
BRDA:29,0,0,4
BRDA:29,0,1,4
BRDA:11,1,0,1
BRDA:11,1,1,0
BRDA:11,2,0,1
BRDA:11,2,1,1
BRF:6
BRH:5
end_of_record
TN:
SF:src/modules/rooms/controller/rooms.controller.ts
FN:31,(anonymous_4)
FN:37,(anonymous_5)
FN:44,(anonymous_6)
FN:52,(anonymous_7)
FN:64,(anonymous_8)
FN:73,(anonymous_9)
FN:85,(anonymous_10)
FN:94,(anonymous_11)
FN:106,(anonymous_12)
FNF:9
FNH:9
FNDA:1,(anonymous_4)
FNDA:1,(anonymous_5)
FNDA:1,(anonymous_6)
FNDA:1,(anonymous_7)
FNDA:1,(anonymous_8)
FNDA:2,(anonymous_9)
FNDA:2,(anonymous_10)
FNDA:2,(anonymous_11)
FNDA:2,(anonymous_12)
DA:1,1
DA:12,1
DA:20,1
DA:21,1
DA:22,1
DA:23,1
DA:24,1
DA:30,1
DA:31,1
DA:37,1
DA:38,1
DA:44,1
DA:45,1
DA:52,1
DA:53,1
DA:64,1
DA:65,1
DA:73,1
DA:74,2
DA:85,1
DA:86,2
DA:94,1
DA:98,2
DA:106,1
DA:107,2
LF:25
LH:25
BRDA:37,0,0,1
BRDA:37,0,1,0
BRDA:37,1,0,1
BRDA:37,1,1,1
BRDA:64,2,0,0
BRDA:64,2,1,1
BRDA:64,3,0,1
BRDA:64,3,1,1
BRDA:96,4,0,1
BRDA:96,4,1,0
BRDA:96,5,0,1
BRDA:96,5,1,1
BRDA:31,6,0,1
BRDA:31,6,1,0
BRDA:31,7,0,1
BRDA:31,7,1,1
BRF:16
BRH:12
end_of_record
TN:
SF:src/modules/rooms/repository/rooms.repository.ts
FN:12,(anonymous_2)
FN:14,(anonymous_3)
FN:20,(anonymous_4)
FN:36,(anonymous_5)
FN:49,(anonymous_6)
FN:63,(anonymous_7)
FN:75,(anonymous_8)
FN:92,(anonymous_9)
FN:99,(anonymous_10)
FNF:9
FNH:9
FNDA:1,(anonymous_2)
FNDA:1,(anonymous_3)
FNDA:1,(anonymous_4)
FNDA:6,(anonymous_5)
FNDA:2,(anonymous_6)
FNDA:1,(anonymous_7)
FNDA:1,(anonymous_8)
FNDA:1,(anonymous_9)
FNDA:1,(anonymous_10)
DA:1,1
DA:3,1
DA:11,1
DA:12,1
DA:15,1
DA:21,1
DA:37,6
DA:50,2
DA:64,1
DA:76,1
DA:93,1
DA:100,1
LF:12
LH:12
BRDA:12,0,0,1
BRDA:12,0,1,0
BRDA:12,1,0,1
BRDA:12,1,1,1
BRF:4
BRH:3
end_of_record
TN:
SF:src/modules/rooms/service/rooms.service.ts
FN:8,(anonymous_2)
FN:10,(anonymous_3)
FN:14,(anonymous_4)
FN:18,(anonymous_5)
FN:26,(anonymous_6)
FN:34,(anonymous_7)
FN:38,(anonymous_8)
FN:42,(anonymous_9)
FN:47,(anonymous_10)
FNF:9
FNH:9
FNDA:1,(anonymous_2)
FNDA:1,(anonymous_3)
FNDA:1,(anonymous_4)
FNDA:6,(anonymous_5)
FNDA:2,(anonymous_6)
FNDA:1,(anonymous_7)
FNDA:1,(anonymous_8)
FNDA:2,(anonymous_9)
FNDA:2,(anonymous_10)
DA:1,1
DA:3,1
DA:7,1
DA:8,1
DA:11,1
DA:15,1
DA:19,6
DA:20,6
DA:21,3
DA:23,3
DA:27,2
DA:28,2
DA:29,1
DA:31,1
DA:35,1
DA:39,1
DA:43,2
DA:44,1
DA:48,2
DA:49,1
LF:20
LH:20
BRDA:20,0,0,3
BRDA:20,0,1,3
BRDA:28,1,0,1
BRDA:28,1,1,1
BRDA:8,2,0,1
BRDA:8,2,1,0
BRDA:8,3,0,1
BRDA:8,3,1,1
BRF:8
BRH:7
end_of_record
TN:
SF:src/modules/user/controller/user.controller.ts
FN:22,(anonymous_4)
FN:55,(anonymous_5)
FN:90,(anonymous_6)
FN:126,(anonymous_7)
FN:161,(anonymous_8)
FN:194,(anonymous_9)
FNF:6
FNH:6
FNDA:1,(anonymous_4)
FNDA:5,(anonymous_5)
FNDA:1,(anonymous_6)
FNDA:2,(anonymous_7)
FNDA:4,(anonymous_8)
FNDA:2,(anonymous_9)
DA:1,1
DA:11,1
DA:12,1
DA:13,1
DA:14,1
DA:15,1
DA:21,1
DA:22,1
DA:55,1
DA:56,5
DA:90,1
DA:91,1
DA:126,1
DA:127,2
DA:161,1
DA:162,4
DA:194,1
DA:195,2
LF:18
LH:18
BRDA:55,0,0,1
BRDA:55,0,1,0
BRDA:55,1,0,1
BRDA:55,1,1,1
BRDA:161,2,0,1
BRDA:161,2,1,0
BRDA:161,3,0,1
BRDA:161,3,1,1
BRDA:22,4,0,1
BRDA:22,4,1,0
BRDA:22,5,0,1
BRDA:22,5,1,1
BRF:12
BRH:9
end_of_record
TN:
SF:src/modules/user/repository/prisma-user.repository.ts
FN:10,(anonymous_2)
FN:12,(anonymous_3)
FN:16,(anonymous_4)
FN:20,(anonymous_5)
FN:24,(anonymous_6)
FN:28,(anonymous_7)
FN:32,(anonymous_8)
FN:36,(anonymous_9)
FN:40,(anonymous_10)
FN:45,(anonymous_11)
FNF:10
FNH:10
FNDA:1,(anonymous_2)
FNDA:3,(anonymous_3)
FNDA:1,(anonymous_4)
FNDA:8,(anonymous_5)
FNDA:5,(anonymous_6)
FNDA:1,(anonymous_7)
FNDA:2,(anonymous_8)
FNDA:1,(anonymous_9)
FNDA:3,(anonymous_10)
FNDA:1,(anonymous_11)
DA:1,1
DA:2,1
DA:3,1
DA:9,1
DA:10,1
DA:13,3
DA:17,1
DA:21,8
DA:25,5
DA:29,1
DA:33,2
DA:37,1
DA:41,3
DA:42,3
DA:46,1
LF:15
LH:15
BRDA:10,0,0,1
BRDA:10,0,1,0
BRDA:10,1,0,1
BRDA:10,1,1,1
BRF:4
BRH:3
end_of_record
TN:
SF:src/modules/user/service/user.service.ts
FN:14,(anonymous_2)
FN:16,(anonymous_3)
FN:33,(anonymous_4)
FN:37,(anonymous_5)
FN:43,(anonymous_6)
FN:47,(anonymous_7)
FN:64,(anonymous_8)
FN:70,(anonymous_9)
FN:72,(anonymous_10)
FNF:9
FNH:9
FNDA:1,(anonymous_2)
FNDA:5,(anonymous_3)
FNDA:1,(anonymous_4)
FNDA:2,(anonymous_5)
FNDA:1,(anonymous_6)
FNDA:4,(anonymous_7)
FNDA:2,(anonymous_8)
FNDA:1,(anonymous_9)
FNDA:2,(anonymous_10)
DA:1,1
DA:6,1
DA:7,1
DA:10,1
DA:13,1
DA:14,1
DA:17,5
DA:18,1
DA:23,4
DA:24,2
DA:27,4
DA:28,4
DA:30,3
DA:34,1
DA:38,2
DA:39,2
DA:40,1
DA:44,1
DA:48,4
DA:49,4
DA:51,3
DA:52,1
DA:57,2
DA:58,1
DA:61,2
DA:65,2
DA:66,2
DA:67,1
DA:71,1
DA:72,2
LF:30
LH:30
BRDA:17,0,0,1
BRDA:17,0,1,4
BRDA:17,1,0,5
BRDA:17,1,1,2
BRDA:23,2,0,2
BRDA:23,2,1,2
BRDA:23,3,0,4
BRDA:23,3,1,2
BRDA:28,4,0,1
BRDA:28,4,1,3
BRDA:39,5,0,1
BRDA:39,5,1,1
BRDA:49,6,0,1
BRDA:49,6,1,3
BRDA:51,7,0,1
BRDA:51,7,1,2
BRDA:51,8,0,3
BRDA:51,8,1,1
BRDA:51,8,2,1
BRDA:57,9,0,1
BRDA:57,9,1,1
BRDA:66,10,0,1
BRDA:66,10,1,1
BRDA:14,11,0,1
BRDA:14,11,1,0
BRDA:14,12,0,1
BRDA:14,12,1,1
BRF:27
BRH:26
end_of_record
TN:
SF:src/utils/password.util.ts
FN:3,(anonymous_9)
FN:8,(anonymous_10)
FNF:2
FNH:2
FNDA:3,(anonymous_9)
FNDA:2,(anonymous_10)
DA:1,1
DA:3,1
DA:4,3
DA:5,3
DA:8,1
DA:12,2
LF:6
LH:6
BRF:0
BRH:0
end_of_record
